{"C:\\Users\\Aldo\\OneDrive\\Escritorio\\PROYECTOS\\Dinara\\Reto Final\\env.ts":{"path":"C:\\Users\\Aldo\\OneDrive\\Escritorio\\PROYECTOS\\Dinara\\Reto Final\\env.ts","statementMap":{"0":{"start":{"line":2,"column":22},"end":{"line":4,"column":1}},"1":{"start":{"line":3,"column":4},"end":{"line":3,"column":62}},"2":{"start":{"line":5,"column":0},"end":{"line":5,"column":62}},"3":{"start":{"line":6,"column":14},"end":{"line":6,"column":79}},"4":{"start":{"line":7,"column":0},"end":{"line":14,"column":3}}},"fnMap":{"0":{"name":"(anonymous_0)","decl":{"start":{"line":2,"column":56},"end":{"line":2,"column":57}},"loc":{"start":{"line":2,"column":71},"end":{"line":4,"column":1}},"line":2}},"branchMap":{"0":{"loc":{"start":{"line":2,"column":22},"end":{"line":4,"column":1}},"type":"binary-expr","locations":[{"start":{"line":2,"column":23},"end":{"line":2,"column":27}},{"start":{"line":2,"column":31},"end":{"line":2,"column":51}},{"start":{"line":2,"column":56},"end":{"line":4,"column":1}}],"line":2},"1":{"loc":{"start":{"line":3,"column":11},"end":{"line":3,"column":61}},"type":"cond-expr","locations":[{"start":{"line":3,"column":37},"end":{"line":3,"column":40}},{"start":{"line":3,"column":43},"end":{"line":3,"column":61}}],"line":3},"2":{"loc":{"start":{"line":3,"column":12},"end":{"line":3,"column":33}},"type":"binary-expr","locations":[{"start":{"line":3,"column":12},"end":{"line":3,"column":15}},{"start":{"line":3,"column":19},"end":{"line":3,"column":33}}],"line":3}},"s":{"0":1,"1":1,"2":1,"3":1,"4":1},"f":{"0":1},"b":{"0":[1,1,1],"1":[0,1],"2":[1,1]},"inputSourceMap":{"version":3,"file":"env.js","sourceRoot":"","sources":["env.ts"],"names":[],"mappings":";;;;;AAcA,gFAAsC;AAEtC,kBAAe,aAAG,CAAC,KAAK,CAAC;IACxB,IAAI,EAAE,aAAG,CAAC,MAAM,CAAC,MAAM,CAAC,EAAE,MAAM,EAAE,MAAM,EAAE,CAAC;IAC3C,IAAI,EAAE,aAAG,CAAC,MAAM,CAAC,MAAM,EAAE;IACzB,OAAO,EAAE,aAAG,CAAC,MAAM,CAAC,MAAM,EAAE;IAC5B,QAAQ,EAAE,aAAG,CAAC,MAAM,CAAC,MAAM,EAAE;IAC5B,UAAU,EAAE,aAAG,CAAC,MAAM,CAAC,IAAI,CAAC,CAAC,OAAO,CAAU,CAAC;IAChD,QAAQ,EAAE,aAAG,CAAC,MAAM,CAAC,IAAI,CAAC,CAAC,aAAa,EAAE,YAAY,EAAE,MAAM,CAAU,CAAC;CACzE,CAAC,CAAA","sourcesContent":["/*\n|--------------------------------------------------------------------------\n| Validating Environment Variables\n|--------------------------------------------------------------------------\n|\n| In this file we define the rules for validating environment variables.\n| By performing validation we ensure that your application is running in\n| a stable environment with correct configuration values.\n|\n| This file is read automatically by the framework during the boot lifecycle\n| and hence do not rename or move this file to a different location.\n|\n*/\n\nimport Env from '@ioc:Adonis/Core/Env'\n\nexport default Env.rules({\n\tHOST: Env.schema.string({ format: 'host' }),\n\tPORT: Env.schema.number(),\n\tAPP_KEY: Env.schema.string(),\n\tAPP_NAME: Env.schema.string(),\n  DRIVE_DISK: Env.schema.enum(['local'] as const),\n\tNODE_ENV: Env.schema.enum(['development', 'production', 'test'] as const),\n})\n"]},"_coverageSchema":"1a1c01bbd47fc00a2c39e90264f33305004495a9","hash":"9177ff9efcb39df9b00347a970598d4df2082b0b","contentHash":"e226b57a5655d4ad0abecab9751329984a6590184a08a2b8dba30785fc0f5b49"},"C:\\Users\\Aldo\\OneDrive\\Escritorio\\PROYECTOS\\Dinara\\Reto Final\\config\\app.ts":{"path":"C:\\Users\\Aldo\\OneDrive\\Escritorio\\PROYECTOS\\Dinara\\Reto Final\\config\\app.ts","statementMap":{"0":{"start":{"line":2,"column":22},"end":{"line":4,"column":1}},"1":{"start":{"line":3,"column":4},"end":{"line":3,"column":62}},"2":{"start":{"line":5,"column":0},"end":{"line":5,"column":62}},"3":{"start":{"line":6,"column":0},"end":{"line":6,"column":95}},"4":{"start":{"line":7,"column":21},"end":{"line":7,"column":59}},"5":{"start":{"line":8,"column":14},"end":{"line":8,"column":79}},"6":{"start":{"line":9,"column":0},"end":{"line":9,"column":46}},"7":{"start":{"line":10,"column":0},"end":{"line":26,"column":2}},"8":{"start":{"line":27,"column":0},"end":{"line":32,"column":2}},"9":{"start":{"line":33,"column":0},"end":{"line":37,"column":2}},"10":{"start":{"line":38,"column":0},"end":{"line":38,"column":23}}},"fnMap":{"0":{"name":"(anonymous_0)","decl":{"start":{"line":2,"column":56},"end":{"line":2,"column":57}},"loc":{"start":{"line":2,"column":71},"end":{"line":4,"column":1}},"line":2}},"branchMap":{"0":{"loc":{"start":{"line":2,"column":22},"end":{"line":4,"column":1}},"type":"binary-expr","locations":[{"start":{"line":2,"column":23},"end":{"line":2,"column":27}},{"start":{"line":2,"column":31},"end":{"line":2,"column":51}},{"start":{"line":2,"column":56},"end":{"line":4,"column":1}}],"line":2},"1":{"loc":{"start":{"line":3,"column":11},"end":{"line":3,"column":61}},"type":"cond-expr","locations":[{"start":{"line":3,"column":37},"end":{"line":3,"column":40}},{"start":{"line":3,"column":43},"end":{"line":3,"column":61}}],"line":3},"2":{"loc":{"start":{"line":3,"column":12},"end":{"line":3,"column":33}},"type":"binary-expr","locations":[{"start":{"line":3,"column":12},"end":{"line":3,"column":15}},{"start":{"line":3,"column":19},"end":{"line":3,"column":33}}],"line":3}},"s":{"0":1,"1":2,"2":1,"3":1,"4":1,"5":1,"6":1,"7":1,"8":1,"9":1,"10":1},"f":{"0":2},"b":{"0":[1,1,1],"1":[0,2],"2":[2,2]},"inputSourceMap":{"version":3,"file":"app.js","sourceRoot":"","sources":["app.ts"],"names":[],"mappings":";;;;;;AAOA,4DAAkC;AAClC,gFAAsC;AAmBzB,QAAA,MAAM,GAAW,aAAG,CAAC,GAAG,CAAC,SAAS,CAAC,CAAA;AAWnC,QAAA,IAAI,GAAiB;IAYhC,mBAAmB,EAAE,KAAK;IAO1B,eAAe,EAAE,CAAC;IAWlB,iBAAiB,EAAE,KAAK;IAWxB,UAAU,EAAE,oBAAS,CAAC,OAAO,CAAC,UAAU,CAAC;IAUzC,IAAI,EAAE,KAAK;IAOX,iBAAiB,EAAE,UAAU;IAO7B,MAAM,EAAE;QACN,MAAM,EAAE,EAAE;QACV,IAAI,EAAE,GAAG;QACT,MAAM,EAAE,IAAI;QACZ,QAAQ,EAAE,IAAI;QACd,MAAM,EAAE,KAAK;QACb,QAAQ,EAAE,KAAK;KAChB;IAkBD,yBAAyB,EAAE,kBAAkB;CAC9C,CAAA;AAOY,QAAA,MAAM,GAAiB;IAalC,IAAI,EAAE,aAAG,CAAC,GAAG,CAAC,UAAU,CAAC;IAUzB,OAAO,EAAE,IAAI;IAYb,KAAK,EAAE,aAAG,CAAC,GAAG,CAAC,WAAW,EAAE,MAAM,CAAC;IAWnC,WAAW,EAAE,aAAG,CAAC,GAAG,CAAC,UAAU,CAAC,KAAK,aAAa;CACnD,CAAA;AAOY,QAAA,QAAQ,GAAmB;IAStC,OAAO,EAAE,IAAI;IAWb,SAAS,EAAE,EAAE;IAWb,SAAS,EAAE,EAAE;CACd,CAAA;AAWY,QAAA,SAAS,GAAoB,EACzC,CAAA","sourcesContent":["/**\n * Config source: https://git.io/JfefZ\n *\n * Feel free to let us know via PR, if you find something broken in this config\n * file.\n */\n\nimport proxyAddr from 'proxy-addr'\nimport Env from '@ioc:Adonis/Core/Env'\nimport type { ServerConfig } from '@ioc:Adonis/Core/Server'\nimport type { LoggerConfig } from '@ioc:Adonis/Core/Logger'\nimport type { ProfilerConfig } from '@ioc:Adonis/Core/Profiler'\nimport type { ValidatorConfig } from '@ioc:Adonis/Core/Validator'\n\n/*\n|--------------------------------------------------------------------------\n| Application secret key\n|--------------------------------------------------------------------------\n|\n| The secret to encrypt and sign different values in your application.\n| Make sure to keep the `APP_KEY` as an environment variable and secure.\n|\n| Note: Changing the application key for an existing app will make all\n| the cookies invalid and also the existing encrypted data will not\n| be decrypted.\n|\n*/\nexport const appKey: string = Env.get('APP_KEY')\n\n/*\n|--------------------------------------------------------------------------\n| Http server configuration\n|--------------------------------------------------------------------------\n|\n| The configuration for the HTTP(s) server. Make sure to go through all\n| the config properties to make keep server secure.\n|\n*/\nexport const http: ServerConfig = {\n  /*\n  |--------------------------------------------------------------------------\n  | Allow method spoofing\n  |--------------------------------------------------------------------------\n  |\n  | Method spoofing enables defining custom HTTP methods using a query string\n  | `_method`. This is usually required when you are making traditional\n  | form requests and wants to use HTTP verbs like `PUT`, `DELETE` and\n  | so on.\n  |\n  */\n  allowMethodSpoofing: false,\n\n  /*\n  |--------------------------------------------------------------------------\n  | Subdomain offset\n  |--------------------------------------------------------------------------\n  */\n  subdomainOffset: 2,\n\n  /*\n  |--------------------------------------------------------------------------\n  | Request Ids\n  |--------------------------------------------------------------------------\n  |\n  | Setting this value to `true` will generate a unique request id for each\n  | HTTP request and set it as `x-request-id` header.\n  |\n  */\n  generateRequestId: false,\n\n  /*\n  |--------------------------------------------------------------------------\n  | Trusting proxy servers\n  |--------------------------------------------------------------------------\n  |\n  | Define the proxy servers that AdonisJs must trust for reading `X-Forwarded`\n  | headers.\n  |\n  */\n  trustProxy: proxyAddr.compile('loopback'),\n\n  /*\n  |--------------------------------------------------------------------------\n  | Generating Etag\n  |--------------------------------------------------------------------------\n  |\n  | Whether or not to generate an etag for every response.\n  |\n  */\n  etag: false,\n\n  /*\n  |--------------------------------------------------------------------------\n  | JSONP Callback\n  |--------------------------------------------------------------------------\n  */\n  jsonpCallbackName: 'callback',\n\n  /*\n  |--------------------------------------------------------------------------\n  | Cookie settings\n  |--------------------------------------------------------------------------\n  */\n  cookie: {\n    domain: '',\n    path: '/',\n    maxAge: '2h',\n    httpOnly: true,\n    secure: false,\n    sameSite: false,\n  },\n\n  /*\n  |--------------------------------------------------------------------------\n  | Force Content Negotiation\n  |--------------------------------------------------------------------------\n  |\n  | The internals of the framework relies on the content negotiation to\n  | detect the best possible response type for a given HTTP request.\n  |\n  | However, it is a very common these days that API servers always wants to\n  | make response in JSON regardless of the existence of the `Accept` header.\n  |\n  | By setting `forceContentNegotiationTo = 'application/json'`, you negotiate\n  | with the server in advance to always return JSON without relying on the\n  | client to set the header explicitly.\n  |\n  */\n  forceContentNegotiationTo: 'application/json',\n}\n\n/*\n|--------------------------------------------------------------------------\n| Logger\n|--------------------------------------------------------------------------\n*/\nexport const logger: LoggerConfig = {\n  /*\n  |--------------------------------------------------------------------------\n  | Application name\n  |--------------------------------------------------------------------------\n  |\n  | The name of the application you want to add to the log. It is recommended\n  | to always have app name in every log line.\n  |\n  | The `APP_NAME` environment variable is automatically set by AdonisJS by\n  | reading the `name` property from the `package.json` file.\n  |\n  */\n  name: Env.get('APP_NAME'),\n\n  /*\n  |--------------------------------------------------------------------------\n  | Toggle logger\n  |--------------------------------------------------------------------------\n  |\n  | Enable or disable logger application wide\n  |\n  */\n  enabled: true,\n\n  /*\n  |--------------------------------------------------------------------------\n  | Logging level\n  |--------------------------------------------------------------------------\n  |\n  | The level from which you want the logger to flush logs. It is recommended\n  | to make use of the environment variable, so that you can define log levels\n  | at deployment level and not code level.\n  |\n  */\n  level: Env.get('LOG_LEVEL', 'info'),\n\n  /*\n  |--------------------------------------------------------------------------\n  | Pretty print\n  |--------------------------------------------------------------------------\n  |\n  | It is highly advised NOT to use `prettyPrint` in production, since it\n  | can have huge impact on performance.\n  |\n  */\n  prettyPrint: Env.get('NODE_ENV') === 'development',\n}\n\n/*\n|--------------------------------------------------------------------------\n| Profiler\n|--------------------------------------------------------------------------\n*/\nexport const profiler: ProfilerConfig = {\n  /*\n  |--------------------------------------------------------------------------\n  | Toggle profiler\n  |--------------------------------------------------------------------------\n  |\n  | Enable or disable profiler\n  |\n  */\n  enabled: true,\n\n  /*\n  |--------------------------------------------------------------------------\n  | Blacklist actions/row labels\n  |--------------------------------------------------------------------------\n  |\n  | Define an array of actions or row labels that you want to disable from\n  | getting profiled.\n  |\n  */\n  blacklist: [],\n\n  /*\n  |--------------------------------------------------------------------------\n  | Whitelist actions/row labels\n  |--------------------------------------------------------------------------\n  |\n  | Define an array of actions or row labels that you want to whitelist for\n  | the profiler. When whitelist is defined, then `blacklist` is ignored.\n  |\n  */\n  whitelist: [],\n}\n\n/*\n|--------------------------------------------------------------------------\n| Validator\n|--------------------------------------------------------------------------\n|\n| Configure the global configuration for the validator. Here's the reference\n| to the default config https://git.io/JT0WE\n|\n*/\nexport const validator: ValidatorConfig = {\n}\n"]},"_coverageSchema":"1a1c01bbd47fc00a2c39e90264f33305004495a9","hash":"c8112049c1874f168fa97798db0932e26de7248c","contentHash":"fe559992e93705490e7906a2847fcf5398af3f3f2e08d615bf2a4359aaf1c2c7"},"C:\\Users\\Aldo\\OneDrive\\Escritorio\\PROYECTOS\\Dinara\\Reto Final\\config\\bodyparser.ts":{"path":"C:\\Users\\Aldo\\OneDrive\\Escritorio\\PROYECTOS\\Dinara\\Reto Final\\config\\bodyparser.ts","statementMap":{"0":{"start":{"line":2,"column":0},"end":{"line":2,"column":62}},"1":{"start":{"line":3,"column":25},"end":{"line":44,"column":1}},"2":{"start":{"line":45,"column":0},"end":{"line":45,"column":35}}},"fnMap":{},"branchMap":{},"s":{"0":1,"1":1,"2":1},"f":{},"b":{},"inputSourceMap":{"version":3,"file":"bodyparser.js","sourceRoot":"","sources":["bodyparser.ts"],"names":[],"mappings":";;AASA,MAAM,gBAAgB,GAAqB;IAUzC,kBAAkB,EAAE,CAAC,MAAM,EAAE,KAAK,EAAE,OAAO,EAAE,QAAQ,CAAC;IAWtD,IAAI,EAAE;QACJ,QAAQ,EAAE,OAAO;QACjB,KAAK,EAAE,KAAK;QACZ,MAAM,EAAE,IAAI;QACZ,KAAK,EAAE;YACL,kBAAkB;YAClB,6BAA6B;YAC7B,0BAA0B;YAC1B,wBAAwB;SACzB;KACF;IAWD,IAAI,EAAE;QACJ,QAAQ,EAAE,OAAO;QACjB,KAAK,EAAE,KAAK;QACZ,WAAW,EAAE,EAAE;QAYf,yBAAyB,EAAE,IAAI;QAE/B,KAAK,EAAE;YACL,mCAAmC;SACpC;KACF;IAYD,GAAG,EAAE;QACH,QAAQ,EAAE,OAAO;QACjB,KAAK,EAAE,KAAK;QACZ,WAAW,EAAE,EAAE;QACf,KAAK,EAAE;YACL,QAAQ;SACT;KACF;IAWD,SAAS,EAAE;QAcT,WAAW,EAAE,IAAI;QAsBjB,eAAe,EAAE,EAAE;QAuBnB,QAAQ,EAAE,OAAO;QAYjB,yBAAyB,EAAE,IAAI;QAW/B,SAAS,EAAE,IAAI;QAWf,KAAK,EAAE,MAAM;QAUb,KAAK,EAAE;YACL,qBAAqB;SACtB;KACF;CACF,CAAA;AAED,kBAAe,gBAAgB,CAAA","sourcesContent":["/**\n * Config source: https://git.io/Jfefn\n *\n * Feel free to let us know via PR, if you find something broken in this config\n * file.\n */\n\nimport type { BodyParserConfig } from '@ioc:Adonis/Core/BodyParser'\n\nconst bodyParserConfig: BodyParserConfig = {\n  /*\n  |--------------------------------------------------------------------------\n  | White listed methods\n  |--------------------------------------------------------------------------\n  |\n  | HTTP methods for which body parsing must be performed. It is a good practice\n  | to avoid body parsing for `GET` requests.\n  |\n  */\n  whitelistedMethods: ['POST', 'PUT', 'PATCH', 'DELETE'],\n\n  /*\n  |--------------------------------------------------------------------------\n  | JSON parser settings\n  |--------------------------------------------------------------------------\n  |\n  | The settings for the JSON parser. The types defines the request content\n  | types which gets processed by the JSON parser.\n  |\n  */\n  json: {\n    encoding: 'utf-8',\n    limit: '1mb',\n    strict: true,\n    types: [\n      'application/json',\n      'application/json-patch+json',\n      'application/vnd.api+json',\n      'application/csp-report',\n    ],\n  },\n\n  /*\n  |--------------------------------------------------------------------------\n  | Form parser settings\n  |--------------------------------------------------------------------------\n  |\n  | The settings for the `application/x-www-form-urlencoded` parser. The types\n  | defines the request content types which gets processed by the form parser.\n  |\n  */\n  form: {\n    encoding: 'utf-8',\n    limit: '1mb',\n    queryString: {},\n\n    /*\n    |--------------------------------------------------------------------------\n    | Convert empty strings to null\n    |--------------------------------------------------------------------------\n    |\n    | Convert empty form fields to null. HTML forms results in field string\n    | value when the field is left blank. This option normalizes all the blank\n    | field values to \"null\"\n    |\n    */\n    convertEmptyStringsToNull: true,\n\n    types: [\n      'application/x-www-form-urlencoded',\n    ],\n  },\n\n  /*\n  |--------------------------------------------------------------------------\n  | Raw body parser settings\n  |--------------------------------------------------------------------------\n  |\n  | Raw body just reads the request body stream as a plain text, which you\n  | can process by hand. This must be used when request body type is not\n  | supported by the body parser.\n  |\n  */\n  raw: {\n    encoding: 'utf-8',\n    limit: '1mb',\n    queryString: {},\n    types: [\n      'text/*',\n    ],\n  },\n\n  /*\n  |--------------------------------------------------------------------------\n  | Multipart parser settings\n  |--------------------------------------------------------------------------\n  |\n  | The settings for the `multipart/form-data` parser. The types defines the\n  | request content types which gets processed by the form parser.\n  |\n  */\n  multipart: {\n    /*\n    |--------------------------------------------------------------------------\n    | Auto process\n    |--------------------------------------------------------------------------\n    |\n    | The auto process option will process uploaded files and writes them to\n    | the `tmp` folder. You can turn it off and then manually use the stream\n    | to pipe stream to a different destination.\n    |\n    | It is recommended to keep `autoProcess=true`. Unless you are processing bigger\n    | file sizes.\n    |\n    */\n    autoProcess: true,\n\n    /*\n    |--------------------------------------------------------------------------\n    | Files to be processed manually\n    |--------------------------------------------------------------------------\n    |\n    | You can turn off `autoProcess` for certain routes by defining\n    | routes inside the following array.\n    |\n    | NOTE: Make sure the route pattern starts with a leading slash.\n    |\n    | Correct\n    | ```js\n    | /projects/:id/file\n    | ```\n    |\n    | Incorrect\n    | ```js\n    | projects/:id/file\n    | ```\n    */\n    processManually: [],\n\n    /*\n    |--------------------------------------------------------------------------\n    | Temporary file name\n    |--------------------------------------------------------------------------\n    |\n    | When auto processing is on. We will use this method to compute the temporary\n    | file name. AdonisJs will compute a unique `tmpPath` for you automatically,\n    | However, you can also define your own custom method.\n    |\n    */\n    // tmpFileName () {\n    // },\n\n    /*\n    |--------------------------------------------------------------------------\n    | Encoding\n    |--------------------------------------------------------------------------\n    |\n    | Request body encoding\n    |\n    */\n    encoding: 'utf-8',\n\n    /*\n    |--------------------------------------------------------------------------\n    | Convert empty strings to null\n    |--------------------------------------------------------------------------\n    |\n    | Convert empty form fields to null. HTML forms results in field string\n    | value when the field is left blank. This option normalizes all the blank\n    | field values to \"null\"\n    |\n    */\n    convertEmptyStringsToNull: true,\n\n    /*\n    |--------------------------------------------------------------------------\n    | Max Fields\n    |--------------------------------------------------------------------------\n    |\n    | The maximum number of fields allowed in the request body. The field includes\n    | text inputs and files both.\n    |\n    */\n    maxFields: 1000,\n\n    /*\n    |--------------------------------------------------------------------------\n    | Request body limit\n    |--------------------------------------------------------------------------\n    |\n    | The total limit to the multipart body. This includes all request files\n    | and fields data.\n    |\n    */\n    limit: '20mb',\n\n    /*\n    |--------------------------------------------------------------------------\n    | Types\n    |--------------------------------------------------------------------------\n    |\n    | The types that will be considered and parsed as multipart body.\n    |\n    */\n    types: [\n      'multipart/form-data',\n    ],\n  },\n}\n\nexport default bodyParserConfig\n"]},"_coverageSchema":"1a1c01bbd47fc00a2c39e90264f33305004495a9","hash":"96589e57a06c51551d810cd899a65b6957ea2e7e","contentHash":"4ab5061b1f75098de1d5dbfbe65c4cca9bcfaa78b0a27b55025f25fadf0ae4a0"},"C:\\Users\\Aldo\\OneDrive\\Escritorio\\PROYECTOS\\Dinara\\Reto Final\\config\\cors.ts":{"path":"C:\\Users\\Aldo\\OneDrive\\Escritorio\\PROYECTOS\\Dinara\\Reto Final\\config\\cors.ts","statementMap":{"0":{"start":{"line":2,"column":0},"end":{"line":2,"column":62}},"1":{"start":{"line":3,"column":19},"end":{"line":18,"column":1}},"2":{"start":{"line":19,"column":0},"end":{"line":19,"column":29}}},"fnMap":{},"branchMap":{},"s":{"0":1,"1":1,"2":1},"f":{},"b":{},"inputSourceMap":{"version":3,"file":"cors.js","sourceRoot":"","sources":["cors.ts"],"names":[],"mappings":";;AASA,MAAM,UAAU,GAAe;IAa7B,OAAO,EAAE,KAAK;IAwBd,MAAM,EAAE,IAAI;IAYZ,OAAO,EAAE,CAAC,KAAK,EAAE,MAAM,EAAE,MAAM,EAAE,KAAK,EAAE,QAAQ,CAAC;IAmBjD,OAAO,EAAE,IAAI;IAsBb,aAAa,EAAE;QACb,eAAe;QACf,kBAAkB;QAClB,cAAc;QACd,SAAS;QACT,eAAe;QACf,QAAQ;KACT;IAaD,WAAW,EAAE,IAAI;IAWjB,MAAM,EAAE,EAAE;CACX,CAAA;AAED,kBAAe,UAAU,CAAA","sourcesContent":["/**\n * Config source: https://git.io/JfefC\n *\n * Feel free to let us know via PR, if you find something broken in this config\n * file.\n */\n\nimport type { CorsConfig } from '@ioc:Adonis/Core/Cors'\n\nconst corsConfig: CorsConfig = {\n  /*\n  |--------------------------------------------------------------------------\n  | Enabled\n  |--------------------------------------------------------------------------\n  |\n  | A boolean to enable or disable CORS integration from your AdonisJs\n  | application.\n  |\n  | Setting the value to `true` will enable the CORS for all HTTP request. However,\n  | you can define a function to enable/disable it on per request basis as well.\n  |\n  */\n  enabled: false,\n\n  // You can also use a function that return true or false.\n  // enabled: (request) => request.url().startsWith('/api')\n\n  /*\n  |--------------------------------------------------------------------------\n  | Origin\n  |--------------------------------------------------------------------------\n  |\n  | Set a list of origins to be allowed for `Access-Control-Allow-Origin`.\n  | The value can be one of the following:\n  |\n  | https://developer.mozilla.org/en-US/docs/Web/HTTP/Headers/Access-Control-Allow-Origin\n  |\n  | Boolean (true)    - Allow current request origin.\n  | Boolean (false)   - Disallow all.\n  | String            - Comma separated list of allowed origins.\n  | Array             - An array of allowed origins.\n  | String (*)        - A wildcard (*) to allow all request origins.\n  | Function          - Receives the current origin string and should return\n  |                     one of the above values.\n  |\n  */\n  origin: true,\n\n  /*\n  |--------------------------------------------------------------------------\n  | Methods\n  |--------------------------------------------------------------------------\n  |\n  | An array of allowed HTTP methods for CORS. The `Access-Control-Request-Method`\n  | is checked against the following list.\n  |\n  | Following is the list of default methods. Feel free to add more.\n  */\n  methods: ['GET', 'HEAD', 'POST', 'PUT', 'DELETE'],\n\n  /*\n  |--------------------------------------------------------------------------\n  | Headers\n  |--------------------------------------------------------------------------\n  |\n  | List of headers to be allowed for `Access-Control-Allow-Headers` header.\n  | The value can be one of the following:\n  |\n  | https://developer.mozilla.org/en-US/docs/Web/HTTP/Headers/Access-Control-Request-Headers\n  |\n  | Boolean(true)     - Allow all headers mentioned in `Access-Control-Request-Headers`.\n  | Boolean(false)    - Disallow all headers.\n  | String            - Comma separated list of allowed headers.\n  | Array             - An array of allowed headers.\n  | Function          - Receives the current header and should return one of the above values.\n  |\n  */\n  headers: true,\n\n  /*\n  |--------------------------------------------------------------------------\n  | Expose Headers\n  |--------------------------------------------------------------------------\n  |\n  | A list of headers to be exposed by setting `Access-Control-Expose-Headers`.\n  | header. By default following 6 simple response headers are exposed.\n  |\n  | Cache-Control\n  | Content-Language\n  | Content-Type\n  | Expires\n  | Last-Modified\n  | Pragma\n  |\n  | In order to add more headers, simply define them inside the following array.\n  |\n  | https://developer.mozilla.org/en-US/docs/Web/HTTP/Headers/Access-Control-Expose-Headers\n  |\n  */\n  exposeHeaders: [\n    'cache-control',\n    'content-language',\n    'content-type',\n    'expires',\n    'last-modified',\n    'pragma',\n  ],\n\n  /*\n  |--------------------------------------------------------------------------\n  | Credentials\n  |--------------------------------------------------------------------------\n  |\n  | Toggle `Access-Control-Allow-Credentials` header. If value is set to `true`,\n  | then header will be set, otherwise not.\n  |\n  | https://developer.mozilla.org/en-US/docs/Web/HTTP/Headers/Access-Control-Allow-Credentials\n  |\n  */\n  credentials: true,\n\n  /*\n  |--------------------------------------------------------------------------\n  | MaxAge\n  |--------------------------------------------------------------------------\n  |\n  | Define `Access-Control-Max-Age` header in seconds.\n  | https://developer.mozilla.org/en-US/docs/Web/HTTP/Headers/Access-Control-Max-Age\n  |\n  */\n  maxAge: 90,\n}\n\nexport default corsConfig\n"]},"_coverageSchema":"1a1c01bbd47fc00a2c39e90264f33305004495a9","hash":"89891e1ff7b9ab60c5d2cd0bb38807b8a5a93b6a","contentHash":"9b1d16d26c1aafb7e36fe65cfde4a3e347de53e5599bd426f250c84d072eebd9"},"C:\\Users\\Aldo\\OneDrive\\Escritorio\\PROYECTOS\\Dinara\\Reto Final\\config\\database.ts":{"path":"C:\\Users\\Aldo\\OneDrive\\Escritorio\\PROYECTOS\\Dinara\\Reto Final\\config\\database.ts","statementMap":{"0":{"start":{"line":2,"column":22},"end":{"line":4,"column":1}},"1":{"start":{"line":3,"column":4},"end":{"line":3,"column":62}},"2":{"start":{"line":5,"column":0},"end":{"line":5,"column":62}},"3":{"start":{"line":6,"column":14},"end":{"line":6,"column":79}},"4":{"start":{"line":7,"column":23},"end":{"line":24,"column":1}},"5":{"start":{"line":25,"column":0},"end":{"line":25,"column":33}}},"fnMap":{"0":{"name":"(anonymous_0)","decl":{"start":{"line":2,"column":56},"end":{"line":2,"column":57}},"loc":{"start":{"line":2,"column":71},"end":{"line":4,"column":1}},"line":2}},"branchMap":{"0":{"loc":{"start":{"line":2,"column":22},"end":{"line":4,"column":1}},"type":"binary-expr","locations":[{"start":{"line":2,"column":23},"end":{"line":2,"column":27}},{"start":{"line":2,"column":31},"end":{"line":2,"column":51}},{"start":{"line":2,"column":56},"end":{"line":4,"column":1}}],"line":2},"1":{"loc":{"start":{"line":3,"column":11},"end":{"line":3,"column":61}},"type":"cond-expr","locations":[{"start":{"line":3,"column":37},"end":{"line":3,"column":40}},{"start":{"line":3,"column":43},"end":{"line":3,"column":61}}],"line":3},"2":{"loc":{"start":{"line":3,"column":12},"end":{"line":3,"column":33}},"type":"binary-expr","locations":[{"start":{"line":3,"column":12},"end":{"line":3,"column":15}},{"start":{"line":3,"column":19},"end":{"line":3,"column":33}}],"line":3}},"s":{"0":1,"1":1,"2":1,"3":1,"4":1,"5":1},"f":{"0":1},"b":{"0":[1,1,1],"1":[0,1],"2":[1,1]},"inputSourceMap":{"version":3,"file":"database.js","sourceRoot":"","sources":["database.ts"],"names":[],"mappings":";;;;;AAOA,gFAAsC;AAItC,MAAM,cAAc,GAAiD;IAWnE,UAAU,EAAE,aAAG,CAAC,GAAG,CAAC,eAAe,CAAC;IAEpC,WAAW,EAAE;QAYX,EAAE,EAAE;YACF,MAAM,EAAE,IAAI;YACZ,UAAU,EAAE;gBACV,IAAI,EAAE,aAAG,CAAC,GAAG,CAAC,SAAS,CAAC;gBACxB,IAAI,EAAE,aAAG,CAAC,GAAG,CAAC,SAAS,CAAC;gBACxB,IAAI,EAAE,aAAG,CAAC,GAAG,CAAC,SAAS,CAAC;gBACxB,QAAQ,EAAE,aAAG,CAAC,GAAG,CAAC,aAAa,EAAE,EAAE,CAAC;gBACpC,QAAQ,EAAE,aAAG,CAAC,GAAG,CAAC,YAAY,CAAC;aAChC;YACD,WAAW,EAAE,KAAK;YACrB,KAAK,EAAE,KAAK;SACV;KAEF;IAcD,GAAG,EAAE,EACJ;CACF,CAAA;AAED,kBAAe,cAAc,CAAA","sourcesContent":["/**\n * Config source: https://git.io/JesV9\n *\n * Feel free to let us know via PR, if you find something broken in this config\n * file.\n */\n\nimport Env from '@ioc:Adonis/Core/Env'\nimport { OrmConfig } from '@ioc:Adonis/Lucid/Orm'\nimport { DatabaseConfig } from '@ioc:Adonis/Lucid/Database'\n\nconst databaseConfig: DatabaseConfig & { orm: Partial<OrmConfig> } = {\n  /*\n  |--------------------------------------------------------------------------\n  | Connection\n  |--------------------------------------------------------------------------\n  |\n  | The primary connection for making database queries across the application\n  | You can use any key from the `connections` object defined in this same\n  | file.\n  |\n  */\n  connection: Env.get('DB_CONNECTION'),\n\n  connections: {\n    /*\n    |--------------------------------------------------------------------------\n    | PostgreSQL config\n    |--------------------------------------------------------------------------\n    |\n    | Configuration for PostgreSQL database. Make sure to install the driver\n    | from npm when using this connection\n    |\n    | npm i pg\n    |\n    */\n    pg: {\n      client: 'pg',\n      connection: {\n        host: Env.get('PG_HOST'),\n        port: Env.get('PG_PORT'),\n        user: Env.get('PG_USER'),\n        password: Env.get('PG_PASSWORD', ''),\n        database: Env.get('PG_DB_NAME'),\n      },\n      healthCheck: false,\n\t\t\tdebug: false,\n    },\n\n  },\n\n  /*\n  |--------------------------------------------------------------------------\n  | ORM Configuration\n  |--------------------------------------------------------------------------\n  |\n  | Following are some of the configuration options to tweak the conventional\n  | settings of the ORM. For example:\n  |\n  | - Define a custom function to compute the default table name for a given model.\n  | - Or define a custom function to compute the primary key for a given model.\n  |\n  */\n  orm: {\n  },\n}\n\nexport default databaseConfig\n"]},"_coverageSchema":"1a1c01bbd47fc00a2c39e90264f33305004495a9","hash":"8f7e7684e1d0cd7bd5d6f195173da510040a5aba","contentHash":"8b9dadf3898120b52db8433d831542522ab6f4ff60f63a74d16049518609007e"},"C:\\Users\\Aldo\\OneDrive\\Escritorio\\PROYECTOS\\Dinara\\Reto Final\\config\\drive.ts":{"path":"C:\\Users\\Aldo\\OneDrive\\Escritorio\\PROYECTOS\\Dinara\\Reto Final\\config\\drive.ts","statementMap":{"0":{"start":{"line":2,"column":22},"end":{"line":4,"column":1}},"1":{"start":{"line":3,"column":4},"end":{"line":3,"column":62}},"2":{"start":{"line":5,"column":0},"end":{"line":5,"column":62}},"3":{"start":{"line":6,"column":14},"end":{"line":6,"column":79}},"4":{"start":{"line":7,"column":17},"end":{"line":7,"column":55}},"5":{"start":{"line":8,"column":22},"end":{"line":8,"column":95}},"6":{"start":{"line":9,"column":0},"end":{"line":20,"column":3}}},"fnMap":{"0":{"name":"(anonymous_0)","decl":{"start":{"line":2,"column":56},"end":{"line":2,"column":57}},"loc":{"start":{"line":2,"column":71},"end":{"line":4,"column":1}},"line":2}},"branchMap":{"0":{"loc":{"start":{"line":2,"column":22},"end":{"line":4,"column":1}},"type":"binary-expr","locations":[{"start":{"line":2,"column":23},"end":{"line":2,"column":27}},{"start":{"line":2,"column":31},"end":{"line":2,"column":51}},{"start":{"line":2,"column":56},"end":{"line":4,"column":1}}],"line":2},"1":{"loc":{"start":{"line":3,"column":11},"end":{"line":3,"column":61}},"type":"cond-expr","locations":[{"start":{"line":3,"column":37},"end":{"line":3,"column":40}},{"start":{"line":3,"column":43},"end":{"line":3,"column":61}}],"line":3},"2":{"loc":{"start":{"line":3,"column":12},"end":{"line":3,"column":33}},"type":"binary-expr","locations":[{"start":{"line":3,"column":12},"end":{"line":3,"column":15}},{"start":{"line":3,"column":19},"end":{"line":3,"column":33}}],"line":3}},"s":{"0":1,"1":2,"2":1,"3":1,"4":1,"5":1,"6":1},"f":{"0":2},"b":{"0":[1,1,1],"1":[0,2],"2":[2,2]},"inputSourceMap":{"version":3,"file":"drive.js","sourceRoot":"","sources":["drive.ts"],"names":[],"mappings":";;;;;AAOA,gFAAsC;AACtC,wDAAyD;AACzD,gGAAsD;AAWtD,kBAAe,IAAA,oBAAW,EAAC;IAUzB,IAAI,EAAE,aAAG,CAAC,GAAG,CAAC,YAAY,CAAC;IAE3B,KAAK,EAAE;QAUL,KAAK,EAAE;YACL,MAAM,EAAE,OAAO;YACf,UAAU,EAAE,QAAQ;YAWpB,IAAI,EAAE,qBAAW,CAAC,OAAO,CAAC,SAAS,CAAC;YAYpC,UAAU,EAAE,IAAI;YAYhB,QAAQ,EAAE,UAAU;SACrB;KAmEF;CACF,CAAC,CAAA","sourcesContent":["/**\n * Config source: https://git.io/JBt3o\n *\n * Feel free to let us know via PR, if you find something broken in this config\n * file.\n */\n\nimport Env from '@ioc:Adonis/Core/Env'\nimport { driveConfig } from '@adonisjs/core/build/config'\nimport Application from '@ioc:Adonis/Core/Application'\n\n/*\n|--------------------------------------------------------------------------\n| Drive Config\n|--------------------------------------------------------------------------\n|\n| The `DriveConfig` relies on the `DisksList` interface which is\n| defined inside the `contracts` directory.\n|\n*/\nexport default driveConfig({\n  /*\n  |--------------------------------------------------------------------------\n  | Default disk\n  |--------------------------------------------------------------------------\n  |\n  | The default disk to use for managing file uploads. The value is driven by\n  | the `DRIVE_DISK` environment variable.\n  |\n  */\n  disk: Env.get('DRIVE_DISK'),\n\n  disks: {\n    /*\n    |--------------------------------------------------------------------------\n    | Local\n    |--------------------------------------------------------------------------\n    |\n    | Uses the local file system to manage files. Make sure to turn off serving\n    | files when not using this disk.\n    |\n    */\n    local: {\n      driver: 'local',\n      visibility: 'public',\n\n      /*\n      |--------------------------------------------------------------------------\n      | Storage root - Local driver only\n      |--------------------------------------------------------------------------\n      |\n      | Define an absolute path to the storage directory from where to read the\n      | files.\n      |\n      */\n      root: Application.tmpPath('uploads'),\n\n      /*\n      |--------------------------------------------------------------------------\n      | Serve files - Local driver only\n      |--------------------------------------------------------------------------\n      |\n      | When this is set to true, AdonisJS will configure a files server to serve\n      | files from the disk root. This is done to mimic the behavior of cloud\n      | storage services that has inbuilt capabilities to serve files.\n      |\n      */\n      serveFiles: true,\n\n      /*\n      |--------------------------------------------------------------------------\n      | Base path - Local driver only\n      |--------------------------------------------------------------------------\n      |\n      | Base path is always required when \"serveFiles = true\". Also make sure\n      | the `basePath` is unique across all the disks using \"local\" driver and\n      | you are not registering routes with this prefix.\n      |\n      */\n      basePath: '/uploads',\n    },\n\n    /*\n    |--------------------------------------------------------------------------\n    | S3 Driver\n    |--------------------------------------------------------------------------\n    |\n    | Uses the S3 cloud storage to manage files. Make sure to install the s3\n    | drive separately when using it.\n    |\n    |**************************************************************************\n    | npm i @adonisjs/drive-s3\n    |**************************************************************************\n    |\n    */\n    // s3: {\n    //   driver: 's3',\n    //   visibility: 'public',\n    //   key: Env.get('S3_KEY'),\n    //   secret: Env.get('S3_SECRET'),\n    //   region: Env.get('S3_REGION'),\n    //   bucket: Env.get('S3_BUCKET'),\n    //   endpoint: Env.get('S3_ENDPOINT'),\n    //\n    //  // For minio to work\n    //  // forcePathStyle: true,\n    // },\n\n    /*\n    |--------------------------------------------------------------------------\n    | GCS Driver\n    |--------------------------------------------------------------------------\n    |\n    | Uses the Google cloud storage to manage files. Make sure to install the GCS\n    | drive separately when using it.\n    |\n    |**************************************************************************\n    | npm i @adonisjs/drive-gcs\n    |**************************************************************************\n    |\n    */\n    // gcs: {\n    //   driver: 'gcs',\n    //   visibility: 'public',\n    //   keyFilename: Env.get('GCS_KEY_FILENAME'),\n    //   bucket: Env.get('GCS_BUCKET'),\n\n      /*\n      |--------------------------------------------------------------------------\n      | Uniform ACL - Google cloud storage only\n      |--------------------------------------------------------------------------\n      |\n      | When using the Uniform ACL on the bucket, the \"visibility\" option is\n      | ignored. Since, the files ACL is managed by the google bucket policies\n      | directly.\n      |\n      |**************************************************************************\n      | Learn more: https://cloud.google.com/storage/docs/uniform-bucket-level-access\n      |**************************************************************************\n      |\n      | The following option just informs drive whether your bucket is using uniform\n      | ACL or not. The actual setting needs to be toggled within the Google cloud\n      | console.\n      |\n      */\n    //   usingUniformAcl: false,\n    // },\n  },\n})\n"]},"_coverageSchema":"1a1c01bbd47fc00a2c39e90264f33305004495a9","hash":"806a9d18a61d4279ce0747ab1ff3e72221ec33a6","contentHash":"21398149f9dc4136432ac4ffd062e86789969df56c3859d6610d9fe0737584e1"},"C:\\Users\\Aldo\\OneDrive\\Escritorio\\PROYECTOS\\Dinara\\Reto Final\\config\\hash.ts":{"path":"C:\\Users\\Aldo\\OneDrive\\Escritorio\\PROYECTOS\\Dinara\\Reto Final\\config\\hash.ts","statementMap":{"0":{"start":{"line":2,"column":22},"end":{"line":4,"column":1}},"1":{"start":{"line":3,"column":4},"end":{"line":3,"column":62}},"2":{"start":{"line":5,"column":0},"end":{"line":5,"column":62}},"3":{"start":{"line":6,"column":14},"end":{"line":6,"column":79}},"4":{"start":{"line":7,"column":17},"end":{"line":7,"column":55}},"5":{"start":{"line":8,"column":0},"end":{"line":33,"column":3}}},"fnMap":{"0":{"name":"(anonymous_0)","decl":{"start":{"line":2,"column":56},"end":{"line":2,"column":57}},"loc":{"start":{"line":2,"column":71},"end":{"line":4,"column":1}},"line":2}},"branchMap":{"0":{"loc":{"start":{"line":2,"column":22},"end":{"line":4,"column":1}},"type":"binary-expr","locations":[{"start":{"line":2,"column":23},"end":{"line":2,"column":27}},{"start":{"line":2,"column":31},"end":{"line":2,"column":51}},{"start":{"line":2,"column":56},"end":{"line":4,"column":1}}],"line":2},"1":{"loc":{"start":{"line":3,"column":11},"end":{"line":3,"column":61}},"type":"cond-expr","locations":[{"start":{"line":3,"column":37},"end":{"line":3,"column":40}},{"start":{"line":3,"column":43},"end":{"line":3,"column":61}}],"line":3},"2":{"loc":{"start":{"line":3,"column":12},"end":{"line":3,"column":33}},"type":"binary-expr","locations":[{"start":{"line":3,"column":12},"end":{"line":3,"column":15}},{"start":{"line":3,"column":19},"end":{"line":3,"column":33}}],"line":3}},"s":{"0":1,"1":1,"2":1,"3":1,"4":1,"5":1},"f":{"0":1},"b":{"0":[1,1,1],"1":[0,1],"2":[1,1]},"inputSourceMap":{"version":3,"file":"hash.js","sourceRoot":"","sources":["hash.ts"],"names":[],"mappings":";;;;;AAOA,gFAAsC;AACtC,wDAAwD;AAWxD,kBAAe,IAAA,mBAAU,EAAC;IAUxB,OAAO,EAAE,aAAG,CAAC,GAAG,CAAC,aAAa,EAAE,QAAQ,CAAC;IAEzC,IAAI,EAAE;QAcJ,MAAM,EAAE;YACN,MAAM,EAAE,QAAQ;YAChB,IAAI,EAAE,KAAK;YACX,SAAS,EAAE,CAAC;YACZ,eAAe,EAAE,CAAC;YAClB,QAAQ,EAAE,EAAE;YACZ,SAAS,EAAE,EAAE;YACb,SAAS,EAAE,EAAE,GAAG,IAAI,GAAG,IAAI;SAC5B;QAeD,KAAK,EAAE;YACL,MAAM,EAAE,QAAQ;YAChB,OAAO,EAAE,IAAI;YACb,UAAU,EAAE,CAAC;YACb,MAAM,EAAE,IAAI;YACZ,WAAW,EAAE,CAAC;YACd,QAAQ,EAAE,EAAE;SACb;QAeD,MAAM,EAAE;YACN,MAAM,EAAE,QAAQ;YAChB,MAAM,EAAE,EAAE;SACX;KACF;CACF,CAAC,CAAA","sourcesContent":["/**\n * Config source: https://git.io/JfefW\n *\n * Feel free to let us know via PR, if you find something broken in this config\n * file.\n */\n\nimport Env from '@ioc:Adonis/Core/Env'\nimport { hashConfig } from '@adonisjs/core/build/config'\n\n/*\n|--------------------------------------------------------------------------\n| Hash Config\n|--------------------------------------------------------------------------\n|\n| The `HashConfig` relies on the `HashList` interface which is\n| defined inside `contracts` directory.\n|\n*/\nexport default hashConfig({\n  /*\n  |--------------------------------------------------------------------------\n  | Default hasher\n  |--------------------------------------------------------------------------\n  |\n  | By default we make use of the argon hasher to hash values. However, feel\n  | free to change the default value\n  |\n  */\n  default: Env.get('HASH_DRIVER', 'scrypt'),\n\n  list: {\n    /*\n    |--------------------------------------------------------------------------\n    | scrypt\n    |--------------------------------------------------------------------------\n    |\n    | Scrypt mapping uses the Node.js inbuilt crypto module for creating\n    | hashes.\n    |\n    | We are using the default configuration recommended within the Node.js\n    | documentation.\n    | https://nodejs.org/api/crypto.html#cryptoscryptpassword-salt-keylen-options-callback\n    |\n    */\n    scrypt: {\n      driver: 'scrypt',\n      cost: 16384,\n      blockSize: 8,\n      parallelization: 1,\n      saltSize: 16,\n      keyLength: 64,\n      maxMemory: 32 * 1024 * 1024,\n    },\n\n    /*\n    |--------------------------------------------------------------------------\n    | Argon\n    |--------------------------------------------------------------------------\n    |\n    | Argon mapping uses the `argon2` driver to hash values.\n    |\n    | Make sure you install the underlying dependency for this driver to work.\n    | https://www.npmjs.com/package/phc-argon2.\n    |\n    | npm install phc-argon2\n    |\n    */\n    argon: {\n      driver: 'argon2',\n      variant: 'id',\n      iterations: 3,\n      memory: 4096,\n      parallelism: 1,\n      saltSize: 16,\n    },\n\n    /*\n    |--------------------------------------------------------------------------\n    | Bcrypt\n    |--------------------------------------------------------------------------\n    |\n    | Bcrypt mapping uses the `bcrypt` driver to hash values.\n    |\n    | Make sure you install the underlying dependency for this driver to work.\n    | https://www.npmjs.com/package/phc-bcrypt.\n    |\n    | npm install phc-bcrypt\n    |\n    */\n    bcrypt: {\n      driver: 'bcrypt',\n      rounds: 10,\n    },\n  },\n})\n"]},"_coverageSchema":"1a1c01bbd47fc00a2c39e90264f33305004495a9","hash":"461655f6614ceeea7e2f20fa966ef59e9a172992","contentHash":"a01272c73b436b9dcd4a02e5a98e0e2a3a5c78b5bfc89881fa235d5ad6916329"},"C:\\Users\\Aldo\\OneDrive\\Escritorio\\PROYECTOS\\Dinara\\Reto Final\\providers\\AppProvider.ts":{"path":"C:\\Users\\Aldo\\OneDrive\\Escritorio\\PROYECTOS\\Dinara\\Reto Final\\providers\\AppProvider.ts","statementMap":{"0":{"start":{"line":2,"column":0},"end":{"line":2,"column":62}},"1":{"start":{"line":5,"column":8},"end":{"line":5,"column":23}},"2":{"start":{"line":16,"column":0},"end":{"line":16,"column":30}}},"fnMap":{"0":{"name":"(anonymous_0)","decl":{"start":{"line":4,"column":4},"end":{"line":4,"column":5}},"loc":{"start":{"line":4,"column":21},"end":{"line":6,"column":5}},"line":4},"1":{"name":"(anonymous_1)","decl":{"start":{"line":7,"column":4},"end":{"line":7,"column":5}},"loc":{"start":{"line":7,"column":15},"end":{"line":8,"column":5}},"line":7},"2":{"name":"(anonymous_2)","decl":{"start":{"line":9,"column":4},"end":{"line":9,"column":5}},"loc":{"start":{"line":9,"column":17},"end":{"line":10,"column":5}},"line":9},"3":{"name":"(anonymous_3)","decl":{"start":{"line":11,"column":4},"end":{"line":11,"column":5}},"loc":{"start":{"line":11,"column":18},"end":{"line":12,"column":5}},"line":11},"4":{"name":"(anonymous_4)","decl":{"start":{"line":13,"column":4},"end":{"line":13,"column":5}},"loc":{"start":{"line":13,"column":21},"end":{"line":14,"column":5}},"line":13}},"branchMap":{},"s":{"0":1,"1":1,"2":1},"f":{"0":1,"1":1,"2":1,"3":1,"4":1},"b":{},"inputSourceMap":{"version":3,"file":"AppProvider.js","sourceRoot":"","sources":["AppProvider.ts"],"names":[],"mappings":";;AAEA,MAAqB,WAAW;IAC9B,YAAuB,GAAwB;QAAxB,QAAG,GAAH,GAAG,CAAqB;IAC/C,CAAC;IAEM,QAAQ;IAEf,CAAC;IAEM,KAAK,CAAC,IAAI;IAEjB,CAAC;IAEM,KAAK,CAAC,KAAK;IAElB,CAAC;IAEM,KAAK,CAAC,QAAQ;IAErB,CAAC;CACF;AAnBD,8BAmBC","sourcesContent":["import type { ApplicationContract } from '@ioc:Adonis/Core/Application'\n\nexport default class AppProvider {\n  constructor (protected app: ApplicationContract) {\n  }\n\n  public register () {\n    // Register your own bindings\n  }\n\n  public async boot () {\n    // IoC container is ready\n  }\n\n  public async ready () {\n    // App is ready\n  }\n\n  public async shutdown () {\n    // Cleanup, since app is going down\n  }\n}\n"]},"_coverageSchema":"1a1c01bbd47fc00a2c39e90264f33305004495a9","hash":"177d4a783b4b02ec33b400379ab56cfff9ebc426","contentHash":"77fe6ff75cff093fafe3cad10e32568ffcfc6eec5548c096e0913d9b96dfc544"},"C:\\Users\\Aldo\\OneDrive\\Escritorio\\PROYECTOS\\Dinara\\Reto Final\\start\\routes.ts":{"path":"C:\\Users\\Aldo\\OneDrive\\Escritorio\\PROYECTOS\\Dinara\\Reto Final\\start\\routes.ts","statementMap":{"0":{"start":{"line":2,"column":22},"end":{"line":4,"column":1}},"1":{"start":{"line":3,"column":4},"end":{"line":3,"column":62}},"2":{"start":{"line":5,"column":0},"end":{"line":5,"column":62}},"3":{"start":{"line":6,"column":16},"end":{"line":6,"column":83}},"4":{"start":{"line":7,"column":0},"end":{"line":9,"column":3}},"5":{"start":{"line":8,"column":4},"end":{"line":8,"column":30}},"6":{"start":{"line":10,"column":0},"end":{"line":15,"column":47}},"7":{"start":{"line":11,"column":4},"end":{"line":11,"column":103}},"8":{"start":{"line":12,"column":4},"end":{"line":12,"column":90}},"9":{"start":{"line":13,"column":4},"end":{"line":13,"column":92}},"10":{"start":{"line":14,"column":4},"end":{"line":14,"column":98}},"11":{"start":{"line":16,"column":0},"end":{"line":18,"column":55}},"12":{"start":{"line":17,"column":4},"end":{"line":17,"column":107}},"13":{"start":{"line":19,"column":0},"end":{"line":21,"column":47}},"14":{"start":{"line":20,"column":4},"end":{"line":20,"column":92}},"15":{"start":{"line":22,"column":0},"end":{"line":24,"column":20}},"16":{"start":{"line":23,"column":4},"end":{"line":23,"column":60}},"17":{"start":{"line":25,"column":0},"end":{"line":32,"column":52}},"18":{"start":{"line":26,"column":4},"end":{"line":26,"column":100}},"19":{"start":{"line":27,"column":4},"end":{"line":27,"column":103}},"20":{"start":{"line":28,"column":4},"end":{"line":28,"column":87}},"21":{"start":{"line":29,"column":4},"end":{"line":29,"column":114}},"22":{"start":{"line":30,"column":4},"end":{"line":30,"column":112}},"23":{"start":{"line":31,"column":4},"end":{"line":31,"column":120}},"24":{"start":{"line":33,"column":0},"end":{"line":36,"column":47}},"25":{"start":{"line":34,"column":4},"end":{"line":34,"column":79}},"26":{"start":{"line":35,"column":4},"end":{"line":35,"column":71}}},"fnMap":{"0":{"name":"(anonymous_0)","decl":{"start":{"line":2,"column":56},"end":{"line":2,"column":57}},"loc":{"start":{"line":2,"column":71},"end":{"line":4,"column":1}},"line":2},"1":{"name":"(anonymous_1)","decl":{"start":{"line":7,"column":25},"end":{"line":7,"column":26}},"loc":{"start":{"line":7,"column":37},"end":{"line":9,"column":1}},"line":7},"2":{"name":"(anonymous_2)","decl":{"start":{"line":10,"column":22},"end":{"line":10,"column":23}},"loc":{"start":{"line":10,"column":28},"end":{"line":15,"column":1}},"line":10},"3":{"name":"(anonymous_3)","decl":{"start":{"line":16,"column":22},"end":{"line":16,"column":23}},"loc":{"start":{"line":16,"column":28},"end":{"line":18,"column":1}},"line":16},"4":{"name":"(anonymous_4)","decl":{"start":{"line":19,"column":22},"end":{"line":19,"column":23}},"loc":{"start":{"line":19,"column":28},"end":{"line":21,"column":1}},"line":19},"5":{"name":"(anonymous_5)","decl":{"start":{"line":22,"column":22},"end":{"line":22,"column":23}},"loc":{"start":{"line":22,"column":28},"end":{"line":24,"column":1}},"line":22},"6":{"name":"(anonymous_6)","decl":{"start":{"line":25,"column":22},"end":{"line":25,"column":23}},"loc":{"start":{"line":25,"column":28},"end":{"line":32,"column":1}},"line":25},"7":{"name":"(anonymous_7)","decl":{"start":{"line":33,"column":22},"end":{"line":33,"column":23}},"loc":{"start":{"line":33,"column":28},"end":{"line":36,"column":1}},"line":33}},"branchMap":{"0":{"loc":{"start":{"line":2,"column":22},"end":{"line":4,"column":1}},"type":"binary-expr","locations":[{"start":{"line":2,"column":23},"end":{"line":2,"column":27}},{"start":{"line":2,"column":31},"end":{"line":2,"column":51}},{"start":{"line":2,"column":56},"end":{"line":4,"column":1}}],"line":2},"1":{"loc":{"start":{"line":3,"column":11},"end":{"line":3,"column":61}},"type":"cond-expr","locations":[{"start":{"line":3,"column":37},"end":{"line":3,"column":40}},{"start":{"line":3,"column":43},"end":{"line":3,"column":61}}],"line":3},"2":{"loc":{"start":{"line":3,"column":12},"end":{"line":3,"column":33}},"type":"binary-expr","locations":[{"start":{"line":3,"column":12},"end":{"line":3,"column":15}},{"start":{"line":3,"column":19},"end":{"line":3,"column":33}}],"line":3}},"s":{"0":1,"1":1,"2":1,"3":1,"4":1,"5":0,"6":1,"7":1,"8":1,"9":1,"10":1,"11":1,"12":1,"13":1,"14":1,"15":1,"16":1,"17":1,"18":1,"19":1,"20":1,"21":1,"22":1,"23":1,"24":1,"25":1,"26":1},"f":{"0":1,"1":0,"2":1,"3":1,"4":1,"5":1,"6":1,"7":1},"b":{"0":[1,1,1],"1":[0,1],"2":[1,1]},"inputSourceMap":{"version":3,"file":"routes.js","sourceRoot":"","sources":["routes.ts"],"names":[],"mappings":";;;;;AAoBA,oFAA0C;AAE1C,eAAK,CAAC,GAAG,CAAC,GAAG,EAAE,KAAK,IAAI,EAAE;IACxB,OAAO,EAAE,KAAK,EAAE,OAAO,EAAE,CAAA;AAC3B,CAAC,CAAC,CAAA;AAEF,eAAK,CAAC,KAAK,CAAC,GAAG,EAAE;IACf,eAAK,CAAC,GAAG,CAAC,mBAAmB,EAAE,8BAA8B,CAAC,CAAC,UAAU,CAAC,aAAa,CAAC,CAAA;IACxF,eAAK,CAAC,IAAI,CAAC,SAAS,EAAE,0BAA0B,CAAC,CAAC,UAAU,CAAC,aAAa,CAAC,CAAA;IAC3E,eAAK,CAAC,IAAI,CAAC,WAAW,EAAE,0BAA0B,CAAC,CAAC,UAAU,CAAC,aAAa,CAAC,CAAA;IAC7E,eAAK,CAAC,GAAG,CAAC,kBAAkB,EAAE,0BAA0B,CAAC,CAAC,UAAU,CAAC,aAAa,CAAC,CAAA;AACrF,CAAC,CAAC,CAAC,MAAM,CAAC,aAAa,CAAC,CAAC,UAAU,CAAC,SAAS,CAAC,CAAA;AAE9C,eAAK,CAAC,KAAK,CAAC,GAAG,EAAE;IACf,eAAK,CAAC,IAAI,CAAC,SAAS,EAAE,2CAA2C,CAAC,CAAC,UAAU,CAAC,aAAa,CAAC,CAAA;AAC9F,CAAC,CAAC,CAAC,MAAM,CAAC,qBAAqB,CAAC,CAAC,UAAU,CAAC,SAAS,CAAC,CAAA;AAEtD,eAAK,CAAC,KAAK,CAAC,GAAG,EAAE;IACf,eAAK,CAAC,IAAI,CAAC,SAAS,EAAE,4BAA4B,CAAC,CAAC,UAAU,CAAC,aAAa,CAAC,CAAA;AAC/E,CAAC,CAAC,CAAC,MAAM,CAAC,aAAa,CAAC,CAAC,UAAU,CAAC,SAAS,CAAC,CAAA;AAE9C,eAAK,CAAC,KAAK,CAAC,GAAG,EAAE;IACf,eAAK,CAAC,IAAI,CAAC,QAAQ,EAAE,uBAAuB,CAAC,CAAA;AAC/C,CAAC,CAAC,CAAC,MAAM,CAAC,QAAQ,CAAC,CAAA;AAEnB,eAAK,CAAC,KAAK,CAAC,GAAG,EAAE;IACf,eAAK,CAAC,IAAI,CAAC,SAAS,EAAE,oCAAoC,CAAC,CAAC,UAAU,CAAC,aAAa,CAAC,CAAA;IACrF,eAAK,CAAC,GAAG,CAAC,eAAe,EAAE,kCAAkC,CAAC,CAAC,UAAU,CAAC,aAAa,CAAC,CAAA;IACxF,eAAK,CAAC,GAAG,CAAC,0BAA0B,EAAE,iCAAiC,CAAC,CAAA;IACxE,eAAK,CAAC,MAAM,CAAC,qBAAqB,EAAE,oCAAoC,CAAC,CAAC,UAAU,CAAC,aAAa,CAAC,CAAA;IACnG,eAAK,CAAC,GAAG,CAAC,0BAA0B,EAAE,gCAAgC,CAAC,CAAC,UAAU,CAAC,aAAa,CAAC,CAAA;IACjG,eAAK,CAAC,GAAG,CAAC,8BAA8B,EAAE,oCAAoC,CAAC,CAAC,UAAU,CAAC,aAAa,CAAC,CAAA;AAC3G,CAAC,CAAC,CAAC,MAAM,CAAC,kBAAkB,CAAC,CAAC,UAAU,CAAC,SAAS,CAAC,CAAA;AAEnD,eAAK,CAAC,KAAK,CAAC,GAAG,EAAE;IACf,eAAK,CAAC,GAAG,CAAC,eAAe,EAAE,oCAAoC,CAAC,CAAA;IAChE,eAAK,CAAC,IAAI,CAAC,gBAAgB,EAAE,0BAA0B,CAAC,CAAA;AAC1D,CAAC,CAAC,CAAC,MAAM,CAAC,aAAa,CAAC,CAAC,UAAU,CAAC,SAAS,CAAC,CAAA","sourcesContent":["/*\n|--------------------------------------------------------------------------\n| Routes\n|--------------------------------------------------------------------------\n|\n| This file is dedicated for defining HTTP routes. A single file is enough\n| for majority of projects, however you can define routes in different\n| files and just make sure to import them inside this file. For example\n|\n| Define routes in following two files\n| ├── start/routes/cart.ts\n| ├── start/routes/customer.ts\n|\n| and then import them inside `start/routes.ts` as follows\n|\n| import './routes/cart'\n| import './routes/customer'\n|\n*/\n\nimport Route from '@ioc:Adonis/Core/Route'\n\nRoute.get('/', async () => {\n  return { hello: 'world' }\n})\n\nRoute.group(() => {\n  Route.get('/getUser/:id_user', 'UsersController.getUsersById').middleware('VerifyAdmin')\n  Route.post('/create', 'UsersController.Register').middleware('VerifyAdmin')\n  Route.post('/getUsers', 'UsersController.getUsers').middleware('VerifyAdmin')\n  Route.put('/update/:id_user', 'UsersController.editUser').middleware('VerifyAdmin')\n}).prefix('api/v1/user').middleware('AuthJwt')\n\nRoute.group(() => {\n  Route.post('/create', 'TypeDocumentsController.CretaTypeDocument').middleware('VerifyAdmin')\n}).prefix('api/v1/typeDocument').middleware('AuthJwt')\n\nRoute.group(() => {\n  Route.post('/create', 'RolesController.CreateRole').middleware('VerifyAdmin')\n}).prefix('api/v1/role').middleware('AuthJwt')\n\nRoute.group(() => {\n  Route.post('/login', 'UsersController.login')\n}).prefix('api/v1')\n\nRoute.group(() => {\n  Route.post('/create', 'QuestionsController.CreateQuestion').middleware('VerifyAdmin')\n  Route.get('/getQuestions', 'QuestionsController.getQuestions').middleware('VerifyAdmin')\n  Route.get('/getOptions/:id_question', 'QuestionsController.listOptions')\n  Route.delete('/deleteQuestion/:id', 'QuestionsController.deleteQuestion').middleware('VerifyAdmin')\n  Route.put('/updateAnswer/:id_opcion', 'AnswersController.updateAnswer').middleware('VerifyAdmin')\n  Route.put('/updateQuestion/:id_question', 'QuestionsController.updateQuestion').middleware('VerifyAdmin')\n}).prefix('api/v1/questions').middleware('AuthJwt')\n\nRoute.group(() => {\n  Route.get('/getquestions', 'FormsController.getQuestionOptions')\n  Route.post('/postquestions', 'FormsController.postForm')\n}).prefix('api/v1/form').middleware('AuthJwt')\n"]},"_coverageSchema":"1a1c01bbd47fc00a2c39e90264f33305004495a9","hash":"bf88515ed99e59ace098eb3116e0beb4da149de5","contentHash":"2b2b4e57e998655312b499172a38577b6f7d17c0d29f160ba13866d48063b119"},"C:\\Users\\Aldo\\OneDrive\\Escritorio\\PROYECTOS\\Dinara\\Reto Final\\start\\kernel.ts":{"path":"C:\\Users\\Aldo\\OneDrive\\Escritorio\\PROYECTOS\\Dinara\\Reto Final\\start\\kernel.ts","statementMap":{"0":{"start":{"line":2,"column":22},"end":{"line":12,"column":3}},"1":{"start":{"line":3,"column":4},"end":{"line":3,"column":33}},"2":{"start":{"line":3,"column":26},"end":{"line":3,"column":33}},"3":{"start":{"line":4,"column":15},"end":{"line":4,"column":52}},"4":{"start":{"line":5,"column":4},"end":{"line":7,"column":5}},"5":{"start":{"line":6,"column":6},"end":{"line":6,"column":68}},"6":{"start":{"line":6,"column":51},"end":{"line":6,"column":63}},"7":{"start":{"line":8,"column":4},"end":{"line":8,"column":39}},"8":{"start":{"line":10,"column":4},"end":{"line":10,"column":33}},"9":{"start":{"line":10,"column":26},"end":{"line":10,"column":33}},"10":{"start":{"line":11,"column":4},"end":{"line":11,"column":17}},"11":{"start":{"line":13,"column":25},"end":{"line":17,"column":2}},"12":{"start":{"line":14,"column":4},"end":{"line":14,"column":72}},"13":{"start":{"line":16,"column":4},"end":{"line":16,"column":21}},"14":{"start":{"line":18,"column":19},"end":{"line":24,"column":1}},"15":{"start":{"line":19,"column":4},"end":{"line":19,"column":42}},"16":{"start":{"line":19,"column":31},"end":{"line":19,"column":42}},"17":{"start":{"line":20,"column":17},"end":{"line":20,"column":19}},"18":{"start":{"line":21,"column":4},"end":{"line":21,"column":141}},"19":{"start":{"line":21,"column":21},"end":{"line":21,"column":141}},"20":{"start":{"line":21,"column":40},"end":{"line":21,"column":141}},"21":{"start":{"line":21,"column":109},"end":{"line":21,"column":141}},"22":{"start":{"line":22,"column":4},"end":{"line":22,"column":36}},"23":{"start":{"line":23,"column":4},"end":{"line":23,"column":18}},"24":{"start":{"line":25,"column":22},"end":{"line":27,"column":1}},"25":{"start":{"line":26,"column":4},"end":{"line":26,"column":62}},"26":{"start":{"line":28,"column":0},"end":{"line":28,"column":62}},"27":{"start":{"line":29,"column":17},"end":{"line":29,"column":85}},"28":{"start":{"line":30,"column":0},"end":{"line":32,"column":3}},"29":{"start":{"line":31,"column":10},"end":{"line":31,"column":109}},"30":{"start":{"line":31,"column":39},"end":{"line":31,"column":108}},"31":{"start":{"line":33,"column":0},"end":{"line":36,"column":3}},"32":{"start":{"line":34,"column":19},"end":{"line":34,"column":118}},"33":{"start":{"line":34,"column":48},"end":{"line":34,"column":117}},"34":{"start":{"line":35,"column":23},"end":{"line":35,"column":126}},"35":{"start":{"line":35,"column":52},"end":{"line":35,"column":125}}},"fnMap":{"0":{"name":"(anonymous_0)","decl":{"start":{"line":2,"column":74},"end":{"line":2,"column":75}},"loc":{"start":{"line":2,"column":96},"end":{"line":9,"column":1}},"line":2},"1":{"name":"(anonymous_1)","decl":{"start":{"line":6,"column":38},"end":{"line":6,"column":39}},"loc":{"start":{"line":6,"column":49},"end":{"line":6,"column":65}},"line":6},"2":{"name":"(anonymous_2)","decl":{"start":{"line":9,"column":6},"end":{"line":9,"column":7}},"loc":{"start":{"line":9,"column":28},"end":{"line":12,"column":1}},"line":9},"3":{"name":"(anonymous_3)","decl":{"start":{"line":13,"column":80},"end":{"line":13,"column":81}},"loc":{"start":{"line":13,"column":95},"end":{"line":15,"column":1}},"line":13},"4":{"name":"(anonymous_4)","decl":{"start":{"line":15,"column":5},"end":{"line":15,"column":6}},"loc":{"start":{"line":15,"column":20},"end":{"line":17,"column":1}},"line":15},"5":{"name":"(anonymous_5)","decl":{"start":{"line":18,"column":50},"end":{"line":18,"column":51}},"loc":{"start":{"line":18,"column":65},"end":{"line":24,"column":1}},"line":18},"6":{"name":"(anonymous_6)","decl":{"start":{"line":25,"column":56},"end":{"line":25,"column":57}},"loc":{"start":{"line":25,"column":71},"end":{"line":27,"column":1}},"line":25},"7":{"name":"(anonymous_7)","decl":{"start":{"line":31,"column":4},"end":{"line":31,"column":5}},"loc":{"start":{"line":31,"column":10},"end":{"line":31,"column":109}},"line":31},"8":{"name":"(anonymous_8)","decl":{"start":{"line":31,"column":33},"end":{"line":31,"column":34}},"loc":{"start":{"line":31,"column":39},"end":{"line":31,"column":108}},"line":31},"9":{"name":"(anonymous_9)","decl":{"start":{"line":34,"column":13},"end":{"line":34,"column":14}},"loc":{"start":{"line":34,"column":19},"end":{"line":34,"column":118}},"line":34},"10":{"name":"(anonymous_10)","decl":{"start":{"line":34,"column":42},"end":{"line":34,"column":43}},"loc":{"start":{"line":34,"column":48},"end":{"line":34,"column":117}},"line":34},"11":{"name":"(anonymous_11)","decl":{"start":{"line":35,"column":17},"end":{"line":35,"column":18}},"loc":{"start":{"line":35,"column":23},"end":{"line":35,"column":126}},"line":35},"12":{"name":"(anonymous_12)","decl":{"start":{"line":35,"column":46},"end":{"line":35,"column":47}},"loc":{"start":{"line":35,"column":52},"end":{"line":35,"column":125}},"line":35}},"branchMap":{"0":{"loc":{"start":{"line":2,"column":22},"end":{"line":12,"column":3}},"type":"binary-expr","locations":[{"start":{"line":2,"column":23},"end":{"line":2,"column":27}},{"start":{"line":2,"column":31},"end":{"line":2,"column":51}},{"start":{"line":2,"column":57},"end":{"line":12,"column":2}}],"line":2},"1":{"loc":{"start":{"line":2,"column":57},"end":{"line":12,"column":2}},"type":"cond-expr","locations":[{"start":{"line":2,"column":74},"end":{"line":9,"column":1}},{"start":{"line":9,"column":6},"end":{"line":12,"column":1}}],"line":2},"2":{"loc":{"start":{"line":3,"column":4},"end":{"line":3,"column":33}},"type":"if","locations":[{"start":{"line":3,"column":4},"end":{"line":3,"column":33}},{"start":{"line":3,"column":4},"end":{"line":3,"column":33}}],"line":3},"3":{"loc":{"start":{"line":5,"column":4},"end":{"line":7,"column":5}},"type":"if","locations":[{"start":{"line":5,"column":4},"end":{"line":7,"column":5}},{"start":{"line":5,"column":4},"end":{"line":7,"column":5}}],"line":5},"4":{"loc":{"start":{"line":5,"column":8},"end":{"line":5,"column":85}},"type":"binary-expr","locations":[{"start":{"line":5,"column":8},"end":{"line":5,"column":13}},{"start":{"line":5,"column":18},"end":{"line":5,"column":84}}],"line":5},"5":{"loc":{"start":{"line":5,"column":18},"end":{"line":5,"column":84}},"type":"cond-expr","locations":[{"start":{"line":5,"column":34},"end":{"line":5,"column":47}},{"start":{"line":5,"column":50},"end":{"line":5,"column":84}}],"line":5},"6":{"loc":{"start":{"line":5,"column":50},"end":{"line":5,"column":84}},"type":"binary-expr","locations":[{"start":{"line":5,"column":50},"end":{"line":5,"column":63}},{"start":{"line":5,"column":67},"end":{"line":5,"column":84}}],"line":5},"7":{"loc":{"start":{"line":10,"column":4},"end":{"line":10,"column":33}},"type":"if","locations":[{"start":{"line":10,"column":4},"end":{"line":10,"column":33}},{"start":{"line":10,"column":4},"end":{"line":10,"column":33}}],"line":10},"8":{"loc":{"start":{"line":13,"column":25},"end":{"line":17,"column":2}},"type":"binary-expr","locations":[{"start":{"line":13,"column":26},"end":{"line":13,"column":30}},{"start":{"line":13,"column":34},"end":{"line":13,"column":57}},{"start":{"line":13,"column":63},"end":{"line":17,"column":1}}],"line":13},"9":{"loc":{"start":{"line":13,"column":63},"end":{"line":17,"column":1}},"type":"cond-expr","locations":[{"start":{"line":13,"column":80},"end":{"line":15,"column":1}},{"start":{"line":15,"column":5},"end":{"line":17,"column":1}}],"line":13},"10":{"loc":{"start":{"line":18,"column":19},"end":{"line":24,"column":1}},"type":"binary-expr","locations":[{"start":{"line":18,"column":20},"end":{"line":18,"column":24}},{"start":{"line":18,"column":28},"end":{"line":18,"column":45}},{"start":{"line":18,"column":50},"end":{"line":24,"column":1}}],"line":18},"11":{"loc":{"start":{"line":19,"column":4},"end":{"line":19,"column":42}},"type":"if","locations":[{"start":{"line":19,"column":4},"end":{"line":19,"column":42}},{"start":{"line":19,"column":4},"end":{"line":19,"column":42}}],"line":19},"12":{"loc":{"start":{"line":19,"column":8},"end":{"line":19,"column":29}},"type":"binary-expr","locations":[{"start":{"line":19,"column":8},"end":{"line":19,"column":11}},{"start":{"line":19,"column":15},"end":{"line":19,"column":29}}],"line":19},"13":{"loc":{"start":{"line":21,"column":4},"end":{"line":21,"column":141}},"type":"if","locations":[{"start":{"line":21,"column":4},"end":{"line":21,"column":141}},{"start":{"line":21,"column":4},"end":{"line":21,"column":141}}],"line":21},"14":{"loc":{"start":{"line":21,"column":40},"end":{"line":21,"column":141}},"type":"if","locations":[{"start":{"line":21,"column":40},"end":{"line":21,"column":141}},{"start":{"line":21,"column":40},"end":{"line":21,"column":141}}],"line":21},"15":{"loc":{"start":{"line":21,"column":44},"end":{"line":21,"column":107}},"type":"binary-expr","locations":[{"start":{"line":21,"column":44},"end":{"line":21,"column":59}},{"start":{"line":21,"column":63},"end":{"line":21,"column":107}}],"line":21},"16":{"loc":{"start":{"line":25,"column":22},"end":{"line":27,"column":1}},"type":"binary-expr","locations":[{"start":{"line":25,"column":23},"end":{"line":25,"column":27}},{"start":{"line":25,"column":31},"end":{"line":25,"column":51}},{"start":{"line":25,"column":56},"end":{"line":27,"column":1}}],"line":25},"17":{"loc":{"start":{"line":26,"column":11},"end":{"line":26,"column":61}},"type":"cond-expr","locations":[{"start":{"line":26,"column":37},"end":{"line":26,"column":40}},{"start":{"line":26,"column":43},"end":{"line":26,"column":61}}],"line":26},"18":{"loc":{"start":{"line":26,"column":12},"end":{"line":26,"column":33}},"type":"binary-expr","locations":[{"start":{"line":26,"column":12},"end":{"line":26,"column":15}},{"start":{"line":26,"column":19},"end":{"line":26,"column":33}}],"line":26}},"s":{"0":1,"1":0,"2":0,"3":0,"4":0,"5":0,"6":0,"7":0,"8":0,"9":0,"10":0,"11":1,"12":37,"13":0,"14":1,"15":68,"16":31,"17":37,"18":37,"19":37,"20":0,"21":0,"22":37,"23":37,"24":1,"25":1,"26":1,"27":1,"28":1,"29":37,"30":37,"31":1,"32":17,"33":17,"34":14,"35":14},"f":{"0":0,"1":0,"2":0,"3":37,"4":0,"5":68,"6":1,"7":37,"8":37,"9":17,"10":17,"11":14,"12":14},"b":{"0":[1,1,1],"1":[1,0],"2":[0,0],"3":[0,0],"4":[0,0],"5":[0,0],"6":[0,0],"7":[0,0],"8":[1,1,1],"9":[1,0],"10":[1,1,1],"11":[31,37],"12":[68,68],"13":[37,0],"14":[0,0],"15":[0,0],"16":[1,1,1],"17":[0,1],"18":[1,1]},"inputSourceMap":{"version":3,"file":"kernel.js","sourceRoot":"","sources":["kernel.ts"],"names":[],"mappings":";;;;;;;;;;;;;;;;;;;;;;;;;;;;AAWA,sFAA4C;AAW5C,gBAAM,CAAC,UAAU,CAAC,QAAQ,CAAC;IACzB,GAAG,EAAE,oGAAsC;CAC5C,CAAC,CAAA;AAkBF,gBAAM,CAAC,UAAU,CAAC,aAAa,CAAC;IAC9B,OAAO,EAAE,GAAG,EAAE,yEAAQ,wBAAwB,GAAC;IAC/C,WAAW,EAAE,GAAG,EAAE,yEAAQ,4BAA4B,GAAC;CACxD,CAAC,CAAA","sourcesContent":["/*\n|--------------------------------------------------------------------------\n| Application middleware\n|--------------------------------------------------------------------------\n|\n| This file is used to define middleware for HTTP requests. You can register\n| middleware as a `closure` or an IoC container binding. The bindings are\n| preferred, since they keep this file clean.\n|\n*/\n\nimport Server from '@ioc:Adonis/Core/Server'\n\n/*\n|--------------------------------------------------------------------------\n| Global middleware\n|--------------------------------------------------------------------------\n|\n| An array of global middleware, that will be executed in the order they\n| are defined for every HTTP requests.\n|\n*/\nServer.middleware.register([\n  () => import('@ioc:Adonis/Core/BodyParser'),\n])\n\n/*\n|--------------------------------------------------------------------------\n| Named middleware\n|--------------------------------------------------------------------------\n|\n| Named middleware are defined as key-value pair. The value is the namespace\n| or middleware function and key is the alias. Later you can use these\n| alias on individual routes. For example:\n|\n| { auth: () => import('App/Middleware/Auth') }\n|\n| and then use it as follows\n|\n| Route.get('dashboard', 'UserController.dashboard').middleware('auth')\n|\n*/\nServer.middleware.registerNamed({\n  AuthJwt: () => import('App/Middleware/AuthJwt'),\n  VerifyAdmin: () => import('App/Middleware/VerifyAdmin'),\n})\n"]},"_coverageSchema":"1a1c01bbd47fc00a2c39e90264f33305004495a9","hash":"90cd6ff33fbf12086c52753b82deef939fee2c5c","contentHash":"a91bb76c025ed96d03e05492758a683da3e93cfcf80b9dc15f662640370f8f44"},"C:\\Users\\Aldo\\OneDrive\\Escritorio\\PROYECTOS\\Dinara\\Reto Final\\app\\Controllers\\Http\\UsersController.ts":{"path":"C:\\Users\\Aldo\\OneDrive\\Escritorio\\PROYECTOS\\Dinara\\Reto Final\\app\\Controllers\\Http\\UsersController.ts","statementMap":{"0":{"start":{"line":2,"column":22},"end":{"line":4,"column":1}},"1":{"start":{"line":3,"column":4},"end":{"line":3,"column":62}},"2":{"start":{"line":5,"column":0},"end":{"line":5,"column":62}},"3":{"start":{"line":6,"column":15},"end":{"line":6,"column":80}},"4":{"start":{"line":7,"column":23},"end":{"line":7,"column":63}},"5":{"start":{"line":8,"column":14},"end":{"line":8,"column":79}},"6":{"start":{"line":9,"column":15},"end":{"line":9,"column":80}},"7":{"start":{"line":10,"column":17},"end":{"line":10,"column":36}},"8":{"start":{"line":13,"column":126},"end":{"line":13,"column":139}},"9":{"start":{"line":14,"column":21},"end":{"line":14,"column":43}},"10":{"start":{"line":15,"column":21},"end":{"line":15,"column":41}},"11":{"start":{"line":16,"column":8},"end":{"line":16,"column":36}},"12":{"start":{"line":17,"column":8},"end":{"line":17,"column":38}},"13":{"start":{"line":18,"column":8},"end":{"line":18,"column":31}},"14":{"start":{"line":19,"column":8},"end":{"line":19,"column":44}},"15":{"start":{"line":20,"column":8},"end":{"line":20,"column":42}},"16":{"start":{"line":21,"column":8},"end":{"line":21,"column":46}},"17":{"start":{"line":22,"column":8},"end":{"line":22,"column":27}},"18":{"start":{"line":23,"column":8},"end":{"line":23,"column":26}},"19":{"start":{"line":24,"column":8},"end":{"line":24,"column":27}},"20":{"start":{"line":25,"column":8},"end":{"line":25,"column":64}},"21":{"start":{"line":26,"column":8},"end":{"line":39,"column":9}},"22":{"start":{"line":27,"column":12},"end":{"line":27,"column":30}},"23":{"start":{"line":28,"column":12},"end":{"line":31,"column":14}},"24":{"start":{"line":34,"column":12},"end":{"line":34,"column":31}},"25":{"start":{"line":35,"column":12},"end":{"line":38,"column":15}},"26":{"start":{"line":42,"column":22},"end":{"line":42,"column":44}},"27":{"start":{"line":43,"column":25},"end":{"line":43,"column":50}},"28":{"start":{"line":44,"column":8},"end":{"line":79,"column":9}},"29":{"start":{"line":45,"column":25},"end":{"line":45,"column":68}},"30":{"start":{"line":46,"column":12},"end":{"line":75,"column":13}},"31":{"start":{"line":47,"column":16},"end":{"line":47,"column":107}},"32":{"start":{"line":50,"column":38},"end":{"line":50,"column":83}},"33":{"start":{"line":51,"column":16},"end":{"line":53,"column":17}},"34":{"start":{"line":52,"column":20},"end":{"line":52,"column":111}},"35":{"start":{"line":54,"column":28},"end":{"line":54,"column":74}},"36":{"start":{"line":55,"column":32},"end":{"line":59,"column":17}},"37":{"start":{"line":60,"column":30},"end":{"line":60,"column":56}},"38":{"start":{"line":61,"column":16},"end":{"line":74,"column":19}},"39":{"start":{"line":78,"column":12},"end":{"line":78,"column":103}},"40":{"start":{"line":82,"column":8},"end":{"line":106,"column":9}},"41":{"start":{"line":83,"column":51},"end":{"line":83,"column":64}},"42":{"start":{"line":84,"column":29},"end":{"line":84,"column":35}},"43":{"start":{"line":85,"column":31},"end":{"line":85,"column":53}},"44":{"start":{"line":86,"column":12},"end":{"line":92,"column":13}},"45":{"start":{"line":87,"column":16},"end":{"line":91,"column":75}},"46":{"start":{"line":93,"column":26},"end":{"line":93,"column":66}},"47":{"start":{"line":94,"column":30},"end":{"line":94,"column":66}},"48":{"start":{"line":95,"column":12},"end":{"line":99,"column":14}},"49":{"start":{"line":102,"column":12},"end":{"line":105,"column":15}},"50":{"start":{"line":109,"column":8},"end":{"line":135,"column":9}},"51":{"start":{"line":110,"column":28},"end":{"line":110,"column":52}},"52":{"start":{"line":111,"column":25},"end":{"line":111,"column":59}},"53":{"start":{"line":112,"column":12},"end":{"line":117,"column":13}},"54":{"start":{"line":113,"column":16},"end":{"line":116,"column":18}},"55":{"start":{"line":118,"column":12},"end":{"line":127,"column":14}},"56":{"start":{"line":130,"column":12},"end":{"line":130,"column":33}},"57":{"start":{"line":131,"column":12},"end":{"line":134,"column":14}},"58":{"start":{"line":138,"column":8},"end":{"line":169,"column":9}},"59":{"start":{"line":139,"column":120},"end":{"line":139,"column":133}},"60":{"start":{"line":140,"column":28},"end":{"line":140,"column":52}},"61":{"start":{"line":141,"column":25},"end":{"line":141,"column":67}},"62":{"start":{"line":142,"column":12},"end":{"line":147,"column":13}},"63":{"start":{"line":143,"column":16},"end":{"line":146,"column":18}},"64":{"start":{"line":148,"column":12},"end":{"line":148,"column":40}},"65":{"start":{"line":149,"column":12},"end":{"line":149,"column":42}},"66":{"start":{"line":150,"column":12},"end":{"line":150,"column":35}},"67":{"start":{"line":151,"column":12},"end":{"line":151,"column":48}},"68":{"start":{"line":152,"column":12},"end":{"line":152,"column":50}},"69":{"start":{"line":153,"column":12},"end":{"line":153,"column":46}},"70":{"start":{"line":154,"column":12},"end":{"line":154,"column":31}},"71":{"start":{"line":155,"column":12},"end":{"line":155,"column":30}},"72":{"start":{"line":156,"column":12},"end":{"line":156,"column":31}},"73":{"start":{"line":157,"column":12},"end":{"line":157,"column":30}},"74":{"start":{"line":158,"column":12},"end":{"line":161,"column":14}},"75":{"start":{"line":164,"column":12},"end":{"line":164,"column":33}},"76":{"start":{"line":165,"column":12},"end":{"line":168,"column":14}},"77":{"start":{"line":172,"column":25},"end":{"line":174,"column":9}},"78":{"start":{"line":175,"column":8},"end":{"line":175,"column":99}},"79":{"start":{"line":178,"column":20},"end":{"line":178,"column":53}},"80":{"start":{"line":179,"column":8},"end":{"line":183,"column":11}},"81":{"start":{"line":180,"column":12},"end":{"line":182,"column":13}},"82":{"start":{"line":181,"column":16},"end":{"line":181,"column":50}},"83":{"start":{"line":184,"column":8},"end":{"line":184,"column":20}},"84":{"start":{"line":187,"column":20},"end":{"line":187,"column":53}},"85":{"start":{"line":188,"column":24},"end":{"line":190,"column":18}},"86":{"start":{"line":191,"column":8},"end":{"line":191,"column":23}},"87":{"start":{"line":194,"column":25},"end":{"line":203,"column":11}},"88":{"start":{"line":194,"column":46},"end":{"line":203,"column":9}},"89":{"start":{"line":204,"column":8},"end":{"line":204,"column":24}},"90":{"start":{"line":207,"column":20},"end":{"line":207,"column":53}},"91":{"start":{"line":208,"column":8},"end":{"line":212,"column":11}},"92":{"start":{"line":209,"column":12},"end":{"line":211,"column":13}},"93":{"start":{"line":210,"column":16},"end":{"line":210,"column":50}},"94":{"start":{"line":213,"column":8},"end":{"line":213,"column":20}},"95":{"start":{"line":216,"column":0},"end":{"line":216,"column":34}}},"fnMap":{"0":{"name":"(anonymous_0)","decl":{"start":{"line":2,"column":56},"end":{"line":2,"column":57}},"loc":{"start":{"line":2,"column":71},"end":{"line":4,"column":1}},"line":2},"1":{"name":"(anonymous_1)","decl":{"start":{"line":12,"column":4},"end":{"line":12,"column":5}},"loc":{"start":{"line":12,"column":42},"end":{"line":40,"column":5}},"line":12},"2":{"name":"(anonymous_2)","decl":{"start":{"line":41,"column":4},"end":{"line":41,"column":5}},"loc":{"start":{"line":41,"column":39},"end":{"line":80,"column":5}},"line":41},"3":{"name":"(anonymous_3)","decl":{"start":{"line":81,"column":4},"end":{"line":81,"column":5}},"loc":{"start":{"line":81,"column":42},"end":{"line":107,"column":5}},"line":81},"4":{"name":"(anonymous_4)","decl":{"start":{"line":108,"column":4},"end":{"line":108,"column":5}},"loc":{"start":{"line":108,"column":36},"end":{"line":136,"column":5}},"line":108},"5":{"name":"(anonymous_5)","decl":{"start":{"line":137,"column":4},"end":{"line":137,"column":5}},"loc":{"start":{"line":137,"column":32},"end":{"line":170,"column":5}},"line":137},"6":{"name":"(anonymous_6)","decl":{"start":{"line":171,"column":4},"end":{"line":171,"column":5}},"loc":{"start":{"line":171,"column":26},"end":{"line":176,"column":5}},"line":171},"7":{"name":"(anonymous_7)","decl":{"start":{"line":177,"column":4},"end":{"line":177,"column":5}},"loc":{"start":{"line":177,"column":40},"end":{"line":185,"column":5}},"line":177},"8":{"name":"(anonymous_8)","decl":{"start":{"line":179,"column":90},"end":{"line":179,"column":91}},"loc":{"start":{"line":179,"column":101},"end":{"line":183,"column":9}},"line":179},"9":{"name":"(anonymous_9)","decl":{"start":{"line":186,"column":4},"end":{"line":186,"column":5}},"loc":{"start":{"line":186,"column":40},"end":{"line":192,"column":5}},"line":186},"10":{"name":"(anonymous_10)","decl":{"start":{"line":193,"column":4},"end":{"line":193,"column":5}},"loc":{"start":{"line":193,"column":22},"end":{"line":205,"column":5}},"line":193},"11":{"name":"(anonymous_11)","decl":{"start":{"line":194,"column":35},"end":{"line":194,"column":36}},"loc":{"start":{"line":194,"column":46},"end":{"line":203,"column":9}},"line":194},"12":{"name":"(anonymous_12)","decl":{"start":{"line":206,"column":4},"end":{"line":206,"column":5}},"loc":{"start":{"line":206,"column":43},"end":{"line":214,"column":5}},"line":206},"13":{"name":"(anonymous_13)","decl":{"start":{"line":208,"column":90},"end":{"line":208,"column":91}},"loc":{"start":{"line":208,"column":101},"end":{"line":212,"column":9}},"line":208}},"branchMap":{"0":{"loc":{"start":{"line":2,"column":22},"end":{"line":4,"column":1}},"type":"binary-expr","locations":[{"start":{"line":2,"column":23},"end":{"line":2,"column":27}},{"start":{"line":2,"column":31},"end":{"line":2,"column":51}},{"start":{"line":2,"column":56},"end":{"line":4,"column":1}}],"line":2},"1":{"loc":{"start":{"line":3,"column":11},"end":{"line":3,"column":61}},"type":"cond-expr","locations":[{"start":{"line":3,"column":37},"end":{"line":3,"column":40}},{"start":{"line":3,"column":43},"end":{"line":3,"column":61}}],"line":3},"2":{"loc":{"start":{"line":3,"column":12},"end":{"line":3,"column":33}},"type":"binary-expr","locations":[{"start":{"line":3,"column":12},"end":{"line":3,"column":15}},{"start":{"line":3,"column":19},"end":{"line":3,"column":33}}],"line":3},"3":{"loc":{"start":{"line":46,"column":12},"end":{"line":75,"column":13}},"type":"if","locations":[{"start":{"line":46,"column":12},"end":{"line":75,"column":13}},{"start":{"line":46,"column":12},"end":{"line":75,"column":13}}],"line":46},"4":{"loc":{"start":{"line":51,"column":16},"end":{"line":53,"column":17}},"type":"if","locations":[{"start":{"line":51,"column":16},"end":{"line":53,"column":17}},{"start":{"line":51,"col
[...]
mappings":";;;;;AACA,yFAA2C;AAC3C,qFAAuC;AAEvC,MAAqB,mBAAmB;IAE/B,KAAK,CAAC,cAAc,CAAC,EAAC,OAAO,EAAE,QAAQ,EAAsB;QAClE,MAAM,EAAC,QAAQ,EAAE,OAAO,EAAC,GAAG,OAAO,CAAC,GAAG,EAAE,CAAC;QAE1C,IAAI;YACF,MAAM,KAAK,GAAG,IAAI,kBAAQ,EAAE,CAAC;YAC7B,KAAK,CAAC,QAAQ,GAAG,QAAQ,CAAC;YAC1B,MAAM,KAAK,CAAC,IAAI,EAAE,CAAC;YAEnB,KAAK,IAAI,KAAK,GAAG,CAAC,EAAE,KAAK,GAAG,OAAO,CAAC,MAAM,EAAE,KAAK,EAAE,EAAE;gBACnD,MAAM,MAAM,GAAG,IAAI,gBAAM,EAAE,CAAC;gBAC5B,MAAM,CAAC,MAAM,GAAG,OAAO,CAAC,KAAK,CAAC,CAAC,MAAM,CAAC;gBACtC,MAAM,CAAC,UAAU,GAAG,OAAO,CAAC,KAAK,CAAC,CAAC,SAAS,CAAC;gBAC7C,MAAM,CAAC,WAAW,GAAG,KAAK,CAAC,EAAE,CAAC;gBAC9B,MAAM,MAAM,CAAC,IAAI,EAAE,CAAC;aACrB;YACD,QAAQ,CAAC,MAAM,CAAC,GAAG,CAAC,CAAC,IAAI,CAAC;gBACxB,OAAO,EAAE,IAAI;gBACb,SAAS,EAAE,8BAA8B;aAC1C,CAAC,CAAA;SAEH;QAAA,OAAO,KAAK,EAAE;YACb,QAAQ,CAAC,MAAM,CAAC,GAAG,CAAC,CAAC,IAAI,CAAC;gBACtB,OAAO,EAAE,KAAK;gBACd,SAAS,EAAE,4BAA4B;aAC1C,CAAC,CAAA;SAEH;IAEH,CAAC;IAEM,KAAK,CAAC,YAAY,CAAC,EAAC,QAAQ,EAAsB;QACvD,IAAI;YACF,MAAM,SAAS,GAAG,MAAM,kBAAQ,CAAC,KAAK,EAAE,CAAC,MAAM,CAAC,CAAC,IAAI,EAAE,UAAU,CAAC,CAAC,CAAA;YACnE,QAAQ,CAAC,MAAM,CAAC,GAAG,CAAC,CAAC,IAAI,CAAC;gBACxB,WAAW,EAAE,SAAS;gBACtB,OAAO,EAAE,IAAI;aACd,CAAC,CAAA;SAEH;QAAC,OAAO,KAAK,EAAE;YACd,QAAQ,CAAC,MAAM,CAAC,GAAG,CAAC,CAAC,IAAI,CAAC;gBACxB,OAAO,EAAE,KAAK;gBACd,SAAS,EAAE,+BAA+B;aAC3C,CAAC,CAAA;SACH;IACH,CAAC;IAIM,KAAK,CAAC,cAAc,CAAC,EAAC,OAAO,EAAE,QAAQ,EAAsB;QAClE,IAAI;YACF,MAAM,UAAU,GAAG,OAAO,CAAC,KAAK,CAAC,IAAI,CAAC,CAAC;YACvC,MAAM,QAAQ,GAAG,MAAM,kBAAQ,CAAC,IAAI,CAAC,UAAU,CAAC,CAAC;YACjD,QAAQ,CAAC,KAAK,GAAG,KAAK,CAAC;YACvB,MAAM,QAAQ,EAAE,IAAI,EAAE,CAAC;YACvB,QAAQ,CAAC,MAAM,CAAC,GAAG,CAAC,CAAC,IAAI,CAAC;gBACxB,OAAO,EAAE,IAAI;gBACb,SAAS,EAAG,8BAA8B;aAC3C,CAAC,CAAA;SAEH;QAAC,OAAO,KAAK,EAAE;YACd,OAAO,CAAC,GAAG,CAAC,KAAK,CAAC,CAAC;YACnB,QAAQ,CAAC,MAAM,CAAC,GAAG,CAAC,CAAC,IAAI,CAAC;gBACxB,OAAO,EAAE,KAAK;gBACd,SAAS,EAAG,+BAA+B;aAC5C,CAAC,CAAA;SACH;IACH,CAAC;IAEM,KAAK,CAAC,cAAc,CAAC,EAAC,OAAO,EAAE,QAAQ,EAAsB;QAClE,IAAG;YACD,MAAM,UAAU,GAAG,OAAO,CAAC,KAAK,CAAC,aAAa,CAAC,CAAC;YAChD,MAAM,EAAC,QAAQ,EAAC,GAAG,OAAO,CAAC,GAAG,EAAE,CAAC;YACjC,MAAM,KAAK,GAAG,MAAM,kBAAQ,CAAC,IAAI,CAAC,UAAU,CAAC,CAAC;YAC9C,IAAG,KAAK,EAAC;gBACP,KAAK,CAAC,QAAQ,GAAG,QAAQ,CAAC;gBAC1B,MAAM,KAAK,CAAC,IAAI,EAAE,CAAC;gBACnB,QAAQ,CAAC,MAAM,CAAC,GAAG,CAAC,CAAC,IAAI,CAAC;oBACxB,OAAO,EAAE,IAAI;oBACb,SAAS,EAAG,gCAAgC;iBAC7C,CAAC,CAAA;aACH;iBAAI;gBACH,QAAQ,CAAC,MAAM,CAAC,GAAG,CAAC,CAAC,IAAI,CAAC;oBACxB,OAAO,EAAE,KAAK;oBACd,SAAS,EAAG,6BAA6B;iBAC1C,CAAC,CAAA;aACL;SACF;QAAA,OAAO,KAAK,EAAE;YACb,OAAO,CAAC,GAAG,CAAC,KAAK,CAAC,CAAC;YACnB,QAAQ,CAAC,MAAM,CAAC,GAAG,CAAC,CAAC,IAAI,CAAC;gBACxB,OAAO,EAAE,KAAK;gBACd,SAAS,EAAG,6BAA6B;aAC1C,CAAC,CAAA;SACH;IACD,CAAC;IAEM,KAAK,CAAC,WAAW,CAAC,EAAC,OAAO,EAAE,QAAQ,EAAsB;QAC/D,IAAI;YACF,MAAM,UAAU,GAAG,OAAO,CAAC,KAAK,CAAC,aAAa,CAAC,CAAC;YAChD,MAAM,OAAO,GAAG,MAAM,gBAAM,CAAC,KAAK,EAAE,CAAC,KAAK,CAAC,aAAa,EAAE,UAAU,CAAC,CAAC,MAAM,CAAC,CAAC,IAAI,EAAE,QAAQ,CAAC,CAAC,CAAA;YAC9F,QAAQ,CAAC,MAAM,CAAC,GAAG,CAAC,CAAC,IAAI,CAAC;gBACxB,QAAQ,EAAE,IAAI;gBACd,SAAS,EAAE,qBAAqB;gBAChC,SAAS,EAAE,OAAO;aAEnB,CAAC,CAAA;SACH;QAAC,OAAO,KAAK,EAAE;YACd,QAAQ,CAAC,MAAM,CAAC,GAAG,CAAC,CAAC,IAAI,CAAC;gBACxB,OAAO,EAAE,KAAK;gBACd,SAAS,EAAE,8BAA8B;aAC1C,CAAC,CAAA;SACH;IACH,CAAC;CACF;AAlHD,sCAkHC","sourcesContent":["import type { HttpContextContract } from '@ioc:Adonis/Core/HttpContext'\nimport Question from 'App/Models/Question';\nimport Answer from 'App/Models/Answer';\n\nexport default class QuestionsController {\n\n  public async CreateQuestion({request, response}: HttpContextContract) {\n    const {question, options} = request.all();\n\n    try {\n      const quest = new Question();\n      quest.question = question;\n      await quest.save();\n\n      for (let index = 0; index < options.length; index++) {\n        const answer = new Answer();\n        answer.answer = options[index].opcion;\n        answer.is_correct = options[index].iscorrect;\n        answer.question_id = quest.id;\n        await answer.save();\n      }\n      response.status(200).json({\n        \"state\": true,\n        \"message\": \"Pregunta creada exitosamente\"\n      })\n\n    }catch (error) {\n      response.status(500).json({\n          \"state\": false,\n          \"message\": \"Error al crear la pregunta\"\n      })\n\n    }\n\n  }\n\n  public async getQuestions({response}: HttpContextContract) {\n    try {\n      const questions = await Question.query().select(['id', 'question'])\n      response.status(200).json({\n        \"questions\": questions,\n        \"state\": true\n      })\n\n    } catch (error) {\n      response.status(500).json({\n        \"state\": false,\n        \"message\": \"Error al listar las preguntas\"\n      })\n    }\n  }\n \n\n\n  public async deleteQuestion({request, response}: HttpContextContract) {\n    try {\n      const idQuestion = request.param('id');\n      const question = await Question.find(idQuestion);\n      question.state = false;\n      await question?.save();\n      response.status(200).json({\n        \"state\": true,\n        \"message\":  \"Pregunta Eliminada con exito\"\n      })\n\n    } catch (error) {\n      console.log(error);\n      response.status(500).json({\n        \"state\": false,\n        \"message\":  \"Error al eliminar la pregunta\"\n      })\n    }\n  }\n\n  public async updateQuestion({request, response}: HttpContextContract) {\n    try{\n      const idQuestion = request.param('id_question');\n      const {question} = request.all();\n      const quest = await Question.find(idQuestion);\n      if(quest){\n        quest.question = question;\n        await quest.save();\n        response.status(200).json({\n          \"state\": true,\n          \"message\":  \"Pregunta Actualizada con exito\"\n        })\n      }else{\n        response.status(500).json({\n          \"state\": false,\n          \"message\":  \"Error al editar la pregunta\"\n        })\n    }\n  }catch (error) {\n    console.log(error);\n    response.status(500).json({\n      \"state\": false,\n      \"message\":  \"Error al editar la pregunta\"\n    })\n  }\n  }\n\n  public async listOptions({request, response}: HttpContextContract) {\n    try {\n      const idQuestion = request.param('id_question');\n      const options = await Answer.query().where('question_id', idQuestion).select(['id', 'answer'])\n      response.status(200).json({\n        \"status\": true,\n        \"message\": \"Listado de opciones\",\n        \"options\": options\n\n      })\n    } catch (error) {\n      response.status(500).json({\n        \"state\": false,\n        \"message\": \"Error al listar las opciones\"\n      })\n    }\n  }\n}\n"]},"_coverageSchema":"1a1c01bbd47fc00a2c39e90264f33305004495a9","hash":"5c8a2fcf99a3e4875750069c804b1b98822765bc","contentHash":"984fc95f125d29b3700e3ccd6eb7c1d4daf966a3e2aa54881ebdfd1f0a4a3b81"},"C:\\Users\\Aldo\\OneDrive\\Escritorio\\PROYECTOS\\Dinara\\Reto Final\\app\\Controllers\\Http\\RolesController.ts":{"path":"C:\\Users\\Aldo\\OneDrive\\Escritorio\\PROYECTOS\\Dinara\\Reto Final\\app\\Controllers\\Http\\RolesController.ts","statementMap":{"0":{"start":{"line":2,"column":22},"end":{"line":4,"column":1}},"1":{"start":{"line":3,"column":4},"end":{"line":3,"column":62}},"2":{"start":{"line":5,"column":0},"end":{"line":5,"column":62}},"3":{"start":{"line":6,"column":15},"end":{"line":6,"column":80}},"4":{"start":{"line":9,"column":25},"end":{"line":9,"column":38}},"5":{"start":{"line":10,"column":21},"end":{"line":10,"column":41}},"6":{"start":{"line":11,"column":8},"end":{"line":11,"column":25}},"7":{"start":{"line":12,"column":8},"end":{"line":24,"column":9}},"8":{"start":{"line":13,"column":12},"end":{"line":13,"column":30}},"9":{"start":{"line":14,"column":12},"end":{"line":17,"column":15}},"10":{"start":{"line":20,"column":12},"end":{"line":23,"column":15}},"11":{"start":{"line":27,"column":0},"end":{"line":27,"column":34}}},"fnMap":{"0":{"name":"(anonymous_0)","decl":{"start":{"line":2,"column":56},"end":{"line":2,"column":57}},"loc":{"start":{"line":2,"column":71},"end":{"line":4,"column":1}},"line":2},"1":{"name":"(anonymous_1)","decl":{"start":{"line":8,"column":4},"end":{"line":8,"column":5}},"loc":{"start":{"line":8,"column":44},"end":{"line":25,"column":5}},"line":8}},"branchMap":{"0":{"loc":{"start":{"line":2,"column":22},"end":{"line":4,"column":1}},"type":"binary-expr","locations":[{"start":{"line":2,"column":23},"end":{"line":2,"column":27}},{"start":{"line":2,"column":31},"end":{"line":2,"column":51}},{"start":{"line":2,"column":56},"end":{"line":4,"column":1}}],"line":2},"1":{"loc":{"start":{"line":3,"column":11},"end":{"line":3,"column":61}},"type":"cond-expr","locations":[{"start":{"line":3,"column":37},"end":{"line":3,"column":40}},{"start":{"line":3,"column":43},"end":{"line":3,"column":61}}],"line":3},"2":{"loc":{"start":{"line":3,"column":12},"end":{"line":3,"column":33}},"type":"binary-expr","locations":[{"start":{"line":3,"column":12},"end":{"line":3,"column":15}},{"start":{"line":3,"column":19},"end":{"line":3,"column":33}}],"line":3}},"s":{"0":1,"1":1,"2":1,"3":1,"4":1,"5":1,"6":1,"7":1,"8":1,"9":1,"10":0,"11":1},"f":{"0":1,"1":1},"b":{"0":[1,1,1],"1":[1,0],"2":[1,1]},"inputSourceMap":{"version":3,"file":"RolesController.js","sourceRoot":"","sources":["RolesController.ts"],"names":[],"mappings":";;;;;AACA,iFAAmC;AAEnC,MAAqB,eAAe;IAC3B,KAAK,CAAC,UAAU,CAAC,EAAC,OAAO,EAAE,QAAQ,EAAsB;QAC9D,MAAM,EAAC,IAAI,EAAC,GAAG,OAAO,CAAC,GAAG,EAAE,CAAC;QAC7B,MAAM,IAAI,GAAG,IAAI,cAAI,EAAE,CAAC;QACxB,IAAI,CAAC,IAAI,GAAG,IAAI,CAAC;QACjB,IAAI;YACA,MAAM,IAAI,CAAC,IAAI,EAAE,CAAC;YAClB,QAAQ,CAAC,MAAM,CAAC,GAAG,CAAC,CAAC,IAAI,CAAC;gBACxB,OAAO,EAAE,IAAI;gBACb,SAAS,EAAE,0BAA0B;aACtC,CAAC,CAAA;SACL;QAAC,OAAO,KAAK,EAAE;YACd,QAAQ,CAAC,MAAM,CAAC,GAAG,CAAC,CAAC,IAAI,CAAC;gBACxB,OAAO,EAAE,KAAK;gBACd,SAAS,EAAE,8BAA8B;aAC1C,CAAC,CAAA;SACH;IACH,CAAC;CACF;AAlBD,kCAkBC","sourcesContent":["import type { HttpContextContract } from '@ioc:Adonis/Core/HttpContext'\nimport Role from 'App/Models/Role';\n\nexport default class RolesController {\n  public async CreateRole({request, response}: HttpContextContract) {\n    const {name} = request.all();\n    const role = new Role();\n    role.name = name;\n    try {\n        await role.save();\n        response.status(200).json({\n          \"state\": true,\n          \"message\": \"Rol creado correctamente\"\n        })\n    } catch (error) {\n      response.status(500).json({\n        \"state\": false,\n        \"message\": \"Fallo en la creación del rol\"\n      })\n    }\n  }\n}\n"]},"_coverageSchema":"1a1c01bbd47fc00a2c39e90264f33305004495a9","hash":"adce12ab4428db5a564e970df866a4617dd7a101","contentHash":"4a5255510cfd936478e427282c917c565d1173bc673ba37bf5df7d068fe38c11"},"C:\\Users\\Aldo\\OneDrive\\Escritorio\\PROYECTOS\\Dinara\\Reto Final\\app\\Controllers\\Http\\TypeDocumentsController.ts":{"path":"C:\\Users\\Aldo\\OneDrive\\Escritorio\\PROYECTOS\\Dinara\\Reto Final\\app\\Controllers\\Http\\TypeDocumentsController.ts","statementMap":{"0":{"start":{"line":2,"column":22},"end":{"line":4,"column":1}},"1":{"start":{"line":3,"column":4},"end":{"line":3,"column":62}},"2":{"start":{"line":5,"column":0},"end":{"line":5,"column":62}},"3":{"start":{"line":6,"column":23},"end":{"line":6,"column":96}},"4":{"start":{"line":9,"column":25},"end":{"line":9,"column":38}},"5":{"start":{"line":10,"column":29},"end":{"line":10,"column":57}},"6":{"start":{"line":11,"column":8},"end":{"line":11,"column":33}},"7":{"start":{"line":12,"column":8},"end":{"line":25,"column":9}},"8":{"start":{"line":13,"column":12},"end":{"line":13,"column":38}},"9":{"start":{"line":14,"column":12},"end":{"line":17,"column":15}},"10":{"start":{"line":20,"column":12},"end":{"line":20,"column":31}},"11":{"start":{"line":21,"column":12},"end":{"line":24,"column":15}},"12":{"start":{"line":28,"column":0},"end":{"line":28,"column":42}}},"fnMap":{"0":{"name":"(anonymous_0)","decl":{"start":{"line":2,"column":56},"end":{"line":2,"column":57}},"loc":{"start":{"line":2,"column":71},"end":{"line":4,"column":1}},"line":2},"1":{"name":"(anonymous_1)","decl":{"start":{"line":8,"column":4},"end":{"line":8,"column":5}},"loc":{"start":{"line":8,"column":51},"end":{"line":26,"column":5}},"line":8}},"branchMap":{"0":{"loc":{"start":{"line":2,"column":22},"end":{"line":4,"column":1}},"type":"binary-expr","locations":[{"start":{"line":2,"column":23},"end":{"line":2,"column":27}},{"start":{"line":2,"column":31},"end":{"line":2,"column":51}},{"start":{"line":2,"column":56},"end":{"line":4,"column":1}}],"line":2},"1":{"loc":{"start":{"line":3,"column":11},"end":{"line":3,"column":61}},"type":"cond-expr","locations":[{"start":{"line":3,"column":37},"end":{"line":3,"column":40}},{"start":{"line":3,"column":43},"end":{"line":3,"column":61}}],"line":3},"2":{"loc":{"start":{"line":3,"column":12},"end":{"line":3,"column":33}},"type":"binary-expr","locations":[{"start":{"line":3,"column":12},"end":{"line":3,"column":15}},{"start":{"line":3,"column":19},"end":{"line":3,"column":33}}],"line":3}},"s":{"0":1,"1":1,"2":1,"3":1,"4":1,"5":1,"6":1,"7":1,"8":1,"9":1,"10":0,"11":0,"12":1},"f":{"0":1,"1":1},"b":{"0":[1,1,1],"1":[1,0],"2":[1,1]},"inputSourceMap":{"version":3,"file":"TypeDocumentsController.js","sourceRoot":"","sources":["TypeDocumentsController.ts"],"names":[],"mappings":";;;;;AACA,iGAAoD;AAEpD,MAAqB,uBAAuB;IAEnC,KAAK,CAAC,iBAAiB,CAAC,EAAC,OAAO,EAAE,QAAQ,EAAsB;QACrE,MAAM,EAAC,IAAI,EAAC,GAAG,OAAO,CAAC,GAAG,EAAE,CAAC;QAC7B,MAAM,YAAY,GAAG,IAAI,sBAAa,EAAE,CAAC;QACzC,YAAY,CAAC,IAAI,GAAG,IAAI,CAAC;QACzB,IAAI;YACA,MAAM,YAAY,CAAC,IAAI,EAAE,CAAC;YAC1B,QAAQ,CAAC,MAAM,CAAC,GAAG,CAAC,CAAC,IAAI,CAAC;gBACxB,OAAO,EAAE,IAAI;gBACb,SAAS,EAAE,wCAAwC;aACpD,CAAC,CAAA;SACL;QAAC,OAAO,KAAK,EAAE;YACd,OAAO,CAAC,GAAG,CAAC,KAAK,CAAC,CAAC;YACnB,QAAQ,CAAC,MAAM,CAAC,GAAG,CAAC,CAAC,IAAI,CAAC;gBACxB,OAAO,EAAE,KAAK;gBACd,SAAS,EAAE,4CAA4C;aACxD,CAAC,CAAA;SACH;IACH,CAAC;CACF;AApBD,0CAoBC","sourcesContent":["import type { HttpContextContract } from '@ioc:Adonis/Core/HttpContext'\nimport TypesDocument from 'App/Models/TypeDocument';\n\nexport default class TypeDocumentsController {\n\n  public async CretaTypeDocument({request, response}: HttpContextContract) {\n    const {name} = request.all();\n    const typeDocument = new TypesDocument();\n    typeDocument.name = name;\n    try {\n        await typeDocument.save();\n        response.status(200).json({\n          \"state\": true,\n          \"message\": \"Tipo de documento creado correctamente\"\n        })\n    } catch (error) {\n      console.log(error);\n      response.status(500).json({\n        \"state\": false,\n        \"message\": \"Fallo en la creación del tipo de documento\"\n      })\n    }\n  }\n}\n"]},"_coverageSchema":"1a1c01bbd47fc00a2c39e90264f33305004495a9","hash":"5f4e9a54d1099345156be531d8fd700c96d1f8db","contentHash":"7cd16b908f0acc4bdb710524457c2d98ba3bdcd8f19e92b316c9c45475ec4798"},"C:\\Users\\Aldo\\OneDrive\\Escritorio\\PROYECTOS\\Dinara\\Reto Final\\app\\Controllers\\Http\\AnswersController.ts":{"path":"C:\\Users\\Aldo\\OneDrive\\Escritorio\\PROYECTOS\\Dinara\\Reto Final\\app\\Controllers\\Http\\AnswersController.ts","statementMap":{"0":{"start":{"line":2,"column":22},"end":{"line":4,"column":1}},"1":{"start":{"line":3,"column":4},"end":{"line":3,"column":62}},"2":{"start":{"line":5,"column":0},"end":{"line":5,"column":62}},"3":{"start":{"line":6,"column":17},"end":{"line":6,"column":84}},"4":{"start":{"line":9,"column":8},"end":{"line":35,"column":9}},"5":{"start":{"line":10,"column":29},"end":{"line":10,"column":55}},"6":{"start":{"line":11,"column":42},"end":{"line":11,"column":55}},"7":{"start":{"line":12,"column":27},"end":{"line":12,"column":64}},"8":{"start":{"line":13,"column":12},"end":{"line":27,"column":13}},"9":{"start":{"line":14,"column":16},"end":{"line":14,"column":39}},"10":{"start":{"line":15,"column":16},"end":{"line":15,"column":46}},"11":{"start":{"line":16,"column":16},"end":{"line":16,"column":36}},"12":{"start":{"line":17,"column":16},"end":{"line":20,"column":19}},"13":{"start":{"line":23,"column":16},"end":{"line":26,"column":19}},"14":{"start":{"line":30,"column":12},"end":{"line":30,"column":31}},"15":{"start":{"line":31,"column":12},"end":{"line":34,"column":15}},"16":{"start":{"line":38,"column":0},"end":{"line":38,"column":36}}},"fnMap":{"0":{"name":"(anonymous_0)","decl":{"start":{"line":2,"column":56},"end":{"line":2,"column":57}},"loc":{"start":{"line":2,"column":71},"end":{"line":4,"column":1}},"line":2},"1":{"name":"(anonymous_1)","decl":{"start":{"line":8,"column":4},"end":{"line":8,"column":5}},"loc":{"start":{"line":8,"column":46},"end":{"line":36,"column":5}},"line":8}},"branchMap":{"0":{"loc":{"start":{"line":2,"column":22},"end":{"line":4,"column":1}},"type":"binary-expr","locations":[{"start":{"line":2,"column":23},"end":{"line":2,"column":27}},{"start":{"line":2,"column":31},"end":{"line":2,"column":51}},{"start":{"line":2,"column":56},"end":{"line":4,"column":1}}],"line":2},"1":{"loc":{"start":{"line":3,"column":11},"end":{"line":3,"column":61}},"type":"cond-expr","locations":[{"start":{"line":3,"column":37},"end":{"line":3,"column":40}},{"start":{"line":3,"column":43},"end":{"line":3,"column":61}}],"line":3},"2":{"loc":{"start":{"line":3,"column":12},"end":{"line":3,"column":33}},"type":"binary-expr","locations":[{"start":{"line":3,"column":12},"end":{"line":3,"column":15}},{"start":{"line":3,"column":19},"end":{"line":3,"column":33}}],"line":3},"3":{"loc":{"start":{"line":13,"column":12},"end":{"line":27,"column":13}},"type":"if","locations":[{"start":{"line":13,"column":12},"end":{"line":27,"column":13}},{"start":{"line":13,"column":12},"end":{"line":27,"column":13}}],"line":13}},"s":{"0":1,"1":1,"2":1,"3":1,"4":3,"5":3,"6":3,"7":3,"8":3,"9":1,"10":1,"11":1,"12":1,"13":2,"14":0,"15":0,"16":1},"f":{"0":1,"1":3},"b":{"0":[1,1,1],"1":[1,0],"2":[1,1],"3":[1,2]},"inputSourceMap":{"version":3,"file":"AnswersController.js","sourceRoot":"","sources":["AnswersController.ts"],"names":[],"mappings":";;;;;AACA,qFAAuC;AAEvC,MAAqB,iBAAiB;IAE7B,KAAK,CAAC,YAAY,CAAC,EAAC,OAAO,EAAE,QAAQ,EAAsB;QAChE,IAAG;YACD,MAAM,QAAQ,GAAG,OAAO,CAAC,KAAK,CAAC,WAAW,CAAC,CAAC;YAC5C,MAAM,EAAC,MAAM,EAAE,SAAS,EAAC,GAAG,OAAO,CAAC,GAAG,EAAE,CAAC;YAC1C,MAAM,MAAM,GAAG,MAAO,gBAAM,CAAC,IAAI,CAAC,QAAQ,CAAC,CAAC;YAE5C,IAAG,MAAM,EAAC;gBACR,MAAM,CAAC,MAAM,GAAG,MAAM,CAAC;gBACvB,MAAM,CAAC,UAAU,GAAG,SAAS,CAAC;gBAC9B,MAAM,MAAM,CAAC,IAAI,EAAE,CAAC;gBAEpB,QAAQ,CAAC,MAAM,CAAC,GAAG,CAAC,CAAC,IAAI,CAAC;oBACxB,OAAO,EAAE,IAAI;oBACb,SAAS,EAAG,0BAA0B;iBACvC,CAAC,CAAA;aACH;iBAAI;gBACH,QAAQ,CAAC,MAAM,CAAC,GAAG,CAAC,CAAC,IAAI,CAAC;oBACxB,OAAO,EAAE,KAAK;oBACd,SAAS,EAAE,2BAA2B;iBACzC,CAAC,CAAA;aAEH;SACF;QAAA,OAAO,KAAK,EAAE;YACb,OAAO,CAAC,GAAG,CAAC,KAAK,CAAC,CAAC;YACnB,QAAQ,CAAC,MAAM,CAAC,GAAG,CAAC,CAAC,IAAI,CAAC;gBACxB,OAAO,EAAE,KAAK;gBACd,SAAS,EAAE,2BAA2B;aACvC,CAAC,CAAA;SAED;IACH,CAAC;CAEF;AAlCD,oCAkCC","sourcesContent":["import type { HttpContextContract } from '@ioc:Adonis/Core/HttpContext'\nimport Answer from 'App/Models/Answer';\n\nexport default class AnswersController {\n\n  public async updateAnswer({request, response}: HttpContextContract) {\n    try{\n      const idAnswer = request.param('id_opcion');\n      const {opcion, iscorrect} = request.all();\n      const answer = await  Answer.find(idAnswer);\n\n      if(answer){\n        answer.answer = opcion;\n        answer.is_correct = iscorrect;\n        await answer.save();\n\n        response.status(200).json({\n          \"state\": true,\n          \"message\":  \"opcion Editada con exito\"\n        })\n      }else{\n        response.status(404).json({\n          \"state\": false,\n          \"message\": \"Error al editar la opcion\"\n      })\n\n    }\n  }catch (error) {\n    console.log(error);\n    response.status(400).json({\n      \"state\": false,\n      \"message\": \"Error al editar la opcion\"\n    })\n\n    }\n  }\n\n}\n"]},"_coverageSchema":"1a1c01bbd47fc00a2c39e90264f33305004495a9","hash":"93188c4c141855775f35f17fbad9b65063c23706","contentHash":"c8736f674409f1a8344679e07c5233f5b0af7a5d77ec37eb84676b4baaf6ea18"}}